<?xml version="1.0" encoding="UTF-8"?>
<testsuite name="ar.com.tecnosoftware.somos.AbmEmpleadoAppApplicationTests" time="0" tests="1" errors="1" skipped="0" failures="0">
  <properties>
[...]
</properties>
  <testcase name="contextLoads" classname="ar.com.tecnosoftware.somos.AbmEmpleadoAppApplicationTests" time="0">
    <error message="Failed to load ApplicationContext" type="java.lang.IllegalStateException"><![CDATA[java.lang.IllegalStateException: Failed to load ApplicationContext
	at org.springframework.test.context.cache.DefaultCacheAwareContextLoaderDelegate.loadContext(DefaultCacheAwareContextLoaderDelegate.java:124)
	at org.springframework.test.context.support.DefaultTestContext.getApplicationContext(DefaultTestContext.java:83)
	at org.springframework.test.context.web.ServletTestExecutionListener.setUpRequestContextIfNecessary(ServletTestExecutionListener.java:189)
	at org.springframework.test.context.web.ServletTestExecutionListener.prepareTestInstance(ServletTestExecutionListener.java:131)
	at org.springframework.test.context.TestContextManager.prepareTestInstance(TestContextManager.java:230)
	at org.springframework.test.context.junit4.SpringJUnit4ClassRunner.createTest(SpringJUnit4ClassRunner.java:228)
	at org.springframework.test.context.junit4.SpringJUnit4ClassRunner$1.runReflectiveCall(SpringJUnit4ClassRunner.java:287)
	at org.junit.internal.runners.model.ReflectiveCallable.run(ReflectiveCallable.java:12)
	at org.springframework.test.context.junit4.SpringJUnit4ClassRunner.methodBlock(SpringJUnit4ClassRunner.java:289)
	at org.springframework.test.context.junit4.SpringJUnit4ClassRunner.runChild(SpringJUnit4ClassRunner.java:247)
	at org.springframework.test.context.junit4.SpringJUnit4ClassRunner.runChild(SpringJUnit4ClassRunner.java:94)
	at org.junit.runners.ParentRunner$3.run(ParentRunner.java:290)
	at org.junit.runners.ParentRunner$1.schedule(ParentRunner.java:71)
	at org.junit.runners.ParentRunner.runChildren(ParentRunner.java:288)
	at org.junit.runners.ParentRunner.access$000(ParentRunner.java:58)
	at org.junit.runners.ParentRunner$2.evaluate(ParentRunner.java:268)
	at org.springframework.test.context.junit4.statements.RunBeforeTestClassCallbacks.evaluate(RunBeforeTestClassCallbacks.java:61)
	at org.springframework.test.context.junit4.statements.RunAfterTestClassCallbacks.evaluate(RunAfterTestClassCallbacks.java:70)
	at org.junit.runners.ParentRunner.run(ParentRunner.java:363)
	at org.springframework.test.context.junit4.SpringJUnit4ClassRunner.run(SpringJUnit4ClassRunner.java:191)
	at org.apache.maven.surefire.junit4.JUnit4Provider.execute(JUnit4Provider.java:283)
	at org.apache.maven.surefire.junit4.JUnit4Provider.executeWithRerun(JUnit4Provider.java:173)
	at org.apache.maven.surefire.junit4.JUnit4Provider.executeTestSet(JUnit4Provider.java:153)
	at org.apache.maven.surefire.junit4.JUnit4Provider.invoke(JUnit4Provider.java:128)
	at org.apache.maven.surefire.booter.ForkedBooter.invokeProviderInSameClassLoader(ForkedBooter.java:203)
	at org.apache.maven.surefire.booter.ForkedBooter.runSuitesInProcess(ForkedBooter.java:155)
	at org.apache.maven.surefire.booter.ForkedBooter.main(ForkedBooter.java:103)
Caused by: org.springframework.beans.factory.BeanCreationException: Error creating bean with name 'entityManagerFactory' defined in class path resource [org/springframework/boot/autoconfigure/orm/jpa/HibernateJpaAutoConfiguration.class]: Invocation of init method failed; nested exception is javax.persistence.PersistenceException: [PersistenceUnit: default] Unable to build Hibernate SessionFactory; nested exception is org.hibernate.tool.schema.spi.SchemaManagementException: Unable to open JDBC connection for schema management target
	at org.springframework.beans.factory.support.AbstractAutowireCapableBeanFactory.initializeBean(AbstractAutowireCapableBeanFactory.java:1634)
	at org.springframework.beans.factory.support.AbstractAutowireCapableBeanFactory.doCreateBean(AbstractAutowireCapableBeanFactory.java:555)
	at org.springframework.beans.factory.support.AbstractAutowireCapableBeanFactory.createBean(AbstractAutowireCapableBeanFactory.java:483)
	at org.springframework.beans.factory.support.AbstractBeanFactory$1.getObject(AbstractBeanFactory.java:312)
	at org.springframework.beans.factory.support.DefaultSingletonBeanRegistry.getSingleton(DefaultSingletonBeanRegistry.java:230)
	at org.springframework.beans.factory.support.AbstractBeanFactory.doGetBean(AbstractBeanFactory.java:308)
	at org.springframework.beans.factory.support.AbstractBeanFactory.getBean(AbstractBeanFactory.java:197)
	at org.springframework.context.support.AbstractApplicationContext.getBean(AbstractApplicationContext.java:1080)
	at org.springframework.context.support.AbstractApplicationContext.finishBeanFactoryInitialization(AbstractApplicationContext.java:857)
	at org.springframework.context.support.AbstractApplicationContext.refresh(AbstractApplicationContext.java:543)
	at org.springframework.boot.SpringApplication.refresh(SpringApplication.java:693)
	at org.springframework.boot.SpringApplication.refreshContext(SpringApplication.java:360)
	at org.springframework.boot.SpringApplication.run(SpringApplication.java:303)
	at org.springframework.boot.test.context.SpringBootContextLoader.loadContext(SpringBootContextLoader.java:121)
	at org.springframework.test.context.cache.DefaultCacheAwareContextLoaderDelegate.loadContextInternal(DefaultCacheAwareContextLoaderDelegate.java:98)
	at org.springframework.test.context.cache.DefaultCacheAwareContextLoaderDelegate.loadContext(DefaultCacheAwareContextLoaderDelegate.java:116)
	at org.springframework.test.context.support.DefaultTestContext.getApplicationContext(DefaultTestContext.java:83)
	at org.springframework.test.context.web.ServletTestExecutionListener.setUpRequestContextIfNecessary(ServletTestExecutionListener.java:189)
	at org.springframework.test.context.web.ServletTestExecutionListener.prepareTestInstance(ServletTestExecutionListener.java:131)
	at org.springframework.test.context.TestContextManager.prepareTestInstance(TestContextManager.java:230)
	at org.springframework.test.context.junit4.SpringJUnit4ClassRunner.createTest(SpringJUnit4ClassRunner.java:228)
	at org.springframework.test.context.junit4.SpringJUnit4ClassRunner$1.runReflectiveCall(SpringJUnit4ClassRunner.java:287)
	at org.junit.internal.runners.model.ReflectiveCallable.run(ReflectiveCallable.java:12)
	at org.springframework.test.context.junit4.SpringJUnit4ClassRunner.methodBlock(SpringJUnit4ClassRunner.java:289)
	at org.springframework.test.context.junit4.SpringJUnit4ClassRunner.runChild(SpringJUnit4ClassRunner.java:247)
	at org.springframework.test.context.junit4.SpringJUnit4ClassRunner.runChild(SpringJUnit4ClassRunner.java:94)
	at org.junit.runners.ParentRunner$3.run(ParentRunner.java:290)
	at org.junit.runners.ParentRunner$1.schedule(ParentRunner.java:71)
	at org.junit.runners.ParentRunner.runChildren(ParentRunner.java:288)
	at org.junit.runners.ParentRunner.access$000(ParentRunner.java:58)
	at org.junit.runners.ParentRunner$2.evaluate(ParentRunner.java:268)
	at org.springframework.test.context.junit4.statements.RunBeforeTestClassCallbacks.evaluate(RunBeforeTestClassCallbacks.java:61)
	at org.springframework.test.context.junit4.statements.RunAfterTestClassCallbacks.evaluate(RunAfterTestClassCallbacks.java:70)
	at org.junit.runners.ParentRunner.run(ParentRunner.java:363)
	at org.springframework.test.context.junit4.SpringJUnit4ClassRunner.run(SpringJUnit4ClassRunner.java:191)
	at org.apache.maven.surefire.junit4.JUnit4Provider.execute(JUnit4Provider.java:283)
	at org.apache.maven.surefire.junit4.JUnit4Provider.executeWithRerun(JUnit4Provider.java:173)
	at org.apache.maven.surefire.junit4.JUnit4Provider.executeTestSet(JUnit4Provider.java:153)
	at org.apache.maven.surefire.junit4.JUnit4Provider.invoke(JUnit4Provider.java:128)
	at org.apache.maven.surefire.booter.ForkedBooter.invokeProviderInSameClassLoader(ForkedBooter.java:203)
	at org.apache.maven.surefire.booter.ForkedBooter.runSuitesInProcess(ForkedBooter.java:155)
	at org.apache.maven.surefire.booter.ForkedBooter.main(ForkedBooter.java:103)
Caused by: javax.persistence.PersistenceException: [PersistenceUnit: default] Unable to build Hibernate SessionFactory; nested exception is org.hibernate.tool.schema.spi.SchemaManagementException: Unable to open JDBC connection for schema management target
	at org.springframework.orm.jpa.AbstractEntityManagerFactoryBean.buildNativeEntityManagerFactory(AbstractEntityManagerFactoryBean.java:396)
	at org.springframework.orm.jpa.AbstractEntityManagerFactoryBean.afterPropertiesSet(AbstractEntityManagerFactoryBean.java:371)
	at org.springframework.orm.jpa.LocalContainerEntityManagerFactoryBean.afterPropertiesSet(LocalContainerEntityManagerFactoryBean.java:336)
	at org.springframework.beans.factory.support.AbstractAutowireCapableBeanFactory.invokeInitMethods(AbstractAutowireCapableBeanFactory.java:1692)
	at org.springframework.beans.factory.support.AbstractAutowireCapableBeanFactory.initializeBean(AbstractAutowireCapableBeanFactory.java:1630)
	at org.springframework.beans.factory.support.AbstractAutowireCapableBeanFactory.doCreateBean(AbstractAutowireCapableBeanFactory.java:555)
	at org.springframework.beans.factory.support.AbstractAutowireCapableBeanFactory.createBean(AbstractAutowireCapableBeanFactory.java:483)
	at org.springframework.beans.factory.support.AbstractBeanFactory$1.getObject(AbstractBeanFactory.java:312)
	at org.springframework.beans.factory.support.DefaultSingletonBeanRegistry.getSingleton(DefaultSingletonBeanRegistry.java:230)
	at org.springframework.beans.factory.support.AbstractBeanFactory.doGetBean(AbstractBeanFactory.java:308)
	at org.springframework.beans.factory.support.AbstractBeanFactory.getBean(AbstractBeanFactory.java:197)
	at org.springframework.context.support.AbstractApplicationContext.getBean(AbstractApplicationContext.java:1080)
	at org.springframework.context.support.AbstractApplicationContext.finishBeanFactoryInitialization(AbstractApplicationContext.java:857)
	at org.springframework.context.support.AbstractApplicationContext.refresh(AbstractApplicationContext.java:543)
	at org.springframework.boot.SpringApplication.refresh(SpringApplication.java:693)
	at org.springframework.boot.SpringApplication.refreshContext(SpringApplication.java:360)
	at org.springframework.boot.SpringApplication.run(SpringApplication.java:303)
	at org.springframework.boot.test.context.SpringBootContextLoader.loadContext(SpringBootContextLoader.java:121)
	at org.springframework.test.context.cache.DefaultCacheAwareContextLoaderDelegate.loadContextInternal(DefaultCacheAwareContextLoaderDelegate.java:98)
	at org.springframework.test.context.cache.DefaultCacheAwareContextLoaderDelegate.loadContext(DefaultCacheAwareContextLoaderDelegate.java:116)
	at org.springframework.test.context.support.DefaultTestContext.getApplicationContext(DefaultTestContext.java:83)
	at org.springframework.test.context.web.ServletTestExecutionListener.setUpRequestContextIfNecessary(ServletTestExecutionListener.java:189)
	at org.springframework.test.context.web.ServletTestExecutionListener.prepareTestInstance(ServletTestExecutionListener.java:131)
	at org.springframework.test.context.TestContextManager.prepareTestInstance(TestContextManager.java:230)
	at org.springframework.test.context.junit4.SpringJUnit4ClassRunner.createTest(SpringJUnit4ClassRunner.java:228)
	at org.springframework.test.context.junit4.SpringJUnit4ClassRunner$1.runReflectiveCall(SpringJUnit4ClassRunner.java:287)
	at org.junit.internal.runners.model.ReflectiveCallable.run(ReflectiveCallable.java:12)
	at org.springframework.test.context.junit4.SpringJUnit4ClassRunner.methodBlock(SpringJUnit4ClassRunner.java:289)
	at org.springframework.test.context.junit4.SpringJUnit4ClassRunner.runChild(SpringJUnit4ClassRunner.java:247)
	at org.springframework.test.context.junit4.SpringJUnit4ClassRunner.runChild(SpringJUnit4ClassRunner.java:94)
	at org.junit.runners.ParentRunner$3.run(ParentRunner.java:290)
	at org.junit.runners.ParentRunner$1.schedule(ParentRunner.java:71)
	at org.junit.runners.ParentRunner.runChildren(ParentRunner.java:288)
	at org.junit.runners.ParentRunner.access$000(ParentRunner.java:58)
	at org.junit.runners.ParentRunner$2.evaluate(ParentRunner.java:268)
	at org.springframework.test.context.junit4.statements.RunBeforeTestClassCallbacks.evaluate(RunBeforeTestClassCallbacks.java:61)
	at org.springframework.test.context.junit4.statements.RunAfterTestClassCallbacks.evaluate(RunAfterTestClassCallbacks.java:70)
	at org.junit.runners.ParentRunner.run(ParentRunner.java:363)
	at org.springframework.test.context.junit4.SpringJUnit4ClassRunner.run(SpringJUnit4ClassRunner.java:191)
	at org.apache.maven.surefire.junit4.JUnit4Provider.execute(JUnit4Provider.java:283)
	at org.apache.maven.surefire.junit4.JUnit4Provider.executeWithRerun(JUnit4Provider.java:173)
	at org.apache.maven.surefire.junit4.JUnit4Provider.executeTestSet(JUnit4Provider.java:153)
	at org.apache.maven.surefire.junit4.JUnit4Provider.invoke(JUnit4Provider.java:128)
	at org.apache.maven.surefire.booter.ForkedBooter.invokeProviderInSameClassLoader(ForkedBooter.java:203)
	at org.apache.maven.surefire.booter.ForkedBooter.runSuitesInProcess(ForkedBooter.java:155)
	at org.apache.maven.surefire.booter.ForkedBooter.main(ForkedBooter.java:103)
Caused by: org.hibernate.tool.schema.spi.SchemaManagementException: Unable to open JDBC connection for schema management target
	at org.hibernate.tool.schema.internal.TargetDatabaseImpl.prepare(TargetDatabaseImpl.java:42)
	at org.hibernate.tool.schema.internal.SchemaMigratorImpl.doMigration(SchemaMigratorImpl.java:57)
	at org.hibernate.tool.hbm2ddl.SchemaUpdate.execute(SchemaUpdate.java:134)
	at org.hibernate.tool.hbm2ddl.SchemaUpdate.execute(SchemaUpdate.java:101)
	at org.hibernate.internal.SessionFactoryImpl.<init>(SessionFactoryImpl.java:472)
	at org.hibernate.boot.internal.SessionFactoryBuilderImpl.build(SessionFactoryBuilderImpl.java:444)
	at org.hibernate.jpa.boot.internal.EntityManagerFactoryBuilderImpl.build(EntityManagerFactoryBuilderImpl.java:879)
	at org.springframework.orm.jpa.vendor.SpringHibernateJpaPersistenceProvider.createContainerEntityManagerFactory(SpringHibernateJpaPersistenceProvider.java:60)
	at org.springframework.orm.jpa.LocalContainerEntityManagerFactoryBean.createNativeEntityManagerFactory(LocalContainerEntityManagerFactoryBean.java:360)
	at org.springframework.orm.jpa.AbstractEntityManagerFactoryBean.buildNativeEntityManagerFactory(AbstractEntityManagerFactoryBean.java:384)
	at org.springframework.orm.jpa.AbstractEntityManagerFactoryBean.afterPropertiesSet(AbstractEntityManagerFactoryBean.java:371)
	at org.springframework.orm.jpa.LocalContainerEntityManagerFactoryBean.afterPropertiesSet(LocalContainerEntityManagerFactoryBean.java:336)
	at org.springframework.beans.factory.support.AbstractAutowireCapableBeanFactory.invokeInitMethods(AbstractAutowireCapableBeanFactory.java:1692)
	at org.springframework.beans.factory.support.AbstractAutowireCapableBeanFactory.initializeBean(AbstractAutowireCapableBeanFactory.java:1630)
	at org.springframework.beans.factory.support.AbstractAutowireCapableBeanFactory.doCreateBean(AbstractAutowireCapableBeanFactory.java:555)
	at org.springframework.beans.factory.support.AbstractAutowireCapableBeanFactory.createBean(AbstractAutowireCapableBeanFactory.java:483)
	at org.springframework.beans.factory.support.AbstractBeanFactory$1.getObject(AbstractBeanFactory.java:312)
	at org.springframework.beans.factory.support.DefaultSingletonBeanRegistry.getSingleton(DefaultSingletonBeanRegistry.java:230)
	at org.springframework.beans.factory.support.AbstractBeanFactory.doGetBean(AbstractBeanFactory.java:308)
	at org.springframework.beans.factory.support.AbstractBeanFactory.getBean(AbstractBeanFactory.java:197)
	at org.springframework.context.support.AbstractApplicationContext.getBean(AbstractApplicationContext.java:1080)
	at org.springframework.context.support.AbstractApplicationContext.finishBeanFactoryInitialization(AbstractApplicationContext.java:857)
	at org.springframework.context.support.AbstractApplicationContext.refresh(AbstractApplicationContext.java:543)
	at org.springframework.boot.SpringApplication.refresh(SpringApplication.java:693)
	at org.springframework.boot.SpringApplication.refreshContext(SpringApplication.java:360)
	at org.springframework.boot.SpringApplication.run(SpringApplication.java:303)
	at org.springframework.boot.test.context.SpringBootContextLoader.loadContext(SpringBootContextLoader.java:121)
	at org.springframework.test.context.cache.DefaultCacheAwareContextLoaderDelegate.loadContextInternal(DefaultCacheAwareContextLoaderDelegate.java:98)
	at org.springframework.test.context.cache.DefaultCacheAwareContextLoaderDelegate.loadContext(DefaultCacheAwareContextLoaderDelegate.java:116)
	at org.springframework.test.context.support.DefaultTestContext.getApplicationContext(DefaultTestContext.java:83)
	at org.springframework.test.context.web.ServletTestExecutionListener.setUpRequestContextIfNecessary(ServletTestExecutionListener.java:189)
	at org.springframework.test.context.web.ServletTestExecutionListener.prepareTestInstance(ServletTestExecutionListener.java:131)
	at org.springframework.test.context.TestContextManager.prepareTestInstance(TestContextManager.java:230)
	at org.springframework.test.context.junit4.SpringJUnit4ClassRunner.createTest(SpringJUnit4ClassRunner.java:228)
	at org.springframework.test.context.junit4.SpringJUnit4ClassRunner$1.runReflectiveCall(SpringJUnit4ClassRunner.java:287)
	at org.junit.internal.runners.model.ReflectiveCallable.run(ReflectiveCallable.java:12)
	at org.springframework.test.context.junit4.SpringJUnit4ClassRunner.methodBlock(SpringJUnit4ClassRunner.java:289)
	at org.springframework.test.context.junit4.SpringJUnit4ClassRunner.runChild(SpringJUnit4ClassRunner.java:247)
	at org.springframework.test.context.junit4.SpringJUnit4ClassRunner.runChild(SpringJUnit4ClassRunner.java:94)
	at org.junit.runners.ParentRunner$3.run(ParentRunner.java:290)
	at org.junit.runners.ParentRunner$1.schedule(ParentRunner.java:71)
	at org.junit.runners.ParentRunner.runChildren(ParentRunner.java:288)
	at org.junit.runners.ParentRunner.access$000(ParentRunner.java:58)
	at org.junit.runners.ParentRunner$2.evaluate(ParentRunner.java:268)
	at org.springframework.test.context.junit4.statements.RunBeforeTestClassCallbacks.evaluate(RunBeforeTestClassCallbacks.java:61)
	at org.springframework.test.context.junit4.statements.RunAfterTestClassCallbacks.evaluate(RunAfterTestClassCallbacks.java:70)
	at org.junit.runners.ParentRunner.run(ParentRunner.java:363)
	at org.springframework.test.context.junit4.SpringJUnit4ClassRunner.run(SpringJUnit4ClassRunner.java:191)
	at org.apache.maven.surefire.junit4.JUnit4Provider.execute(JUnit4Provider.java:283)
	at org.apache.maven.surefire.junit4.JUnit4Provider.executeWithRerun(JUnit4Provider.java:173)
	at org.apache.maven.surefire.junit4.JUnit4Provider.executeTestSet(JUnit4Provider.java:153)
	at org.apache.maven.surefire.junit4.JUnit4Provider.invoke(JUnit4Provider.java:128)
	at org.apache.maven.surefire.booter.ForkedBooter.invokeProviderInSameClassLoader(ForkedBooter.java:203)
	at org.apache.maven.surefire.booter.ForkedBooter.runSuitesInProcess(ForkedBooter.java:155)
	at org.apache.maven.surefire.booter.ForkedBooter.main(ForkedBooter.java:103)
Caused by: java.sql.SQLException: Access denied for user 'root'@'localhost' (using password: YES)
	at com.mysql.jdbc.SQLError.createSQLException(SQLError.java:965)
	at com.mysql.jdbc.MysqlIO.checkErrorPacket(MysqlIO.java:3976)
	at com.mysql.jdbc.MysqlIO.checkErrorPacket(MysqlIO.java:3912)
	at com.mysql.jdbc.MysqlIO.checkErrorPacket(MysqlIO.java:871)
	at com.mysql.jdbc.MysqlIO.proceedHandshakeWithPluggableAuthentication(MysqlIO.java:1714)
	at com.mysql.jdbc.MysqlIO.doHandshake(MysqlIO.java:1224)
	at com.mysql.jdbc.ConnectionImpl.coreConnect(ConnectionImpl.java:2190)
	at com.mysql.jdbc.ConnectionImpl.connectOneTryOnly(ConnectionImpl.java:2221)
	at com.mysql.jdbc.ConnectionImpl.createNewIO(ConnectionImpl.java:2016)
	at com.mysql.jdbc.ConnectionImpl.<init>(ConnectionImpl.java:776)
	at com.mysql.jdbc.JDBC4Connection.<init>(JDBC4Connection.java:47)
	at sun.reflect.NativeConstructorAccessorImpl.newInstance0(Native Method)
	at sun.reflect.NativeConstructorAccessorImpl.newInstance(NativeConstructorAccessorImpl.java:62)
	at sun.reflect.DelegatingConstructorAccessorImpl.newInstance(DelegatingConstructorAccessorImpl.java:45)
	at java.lang.reflect.Constructor.newInstance(Constructor.java:423)
	at com.mysql.jdbc.Util.handleNewInstance(Util.java:425)
	at com.mysql.jdbc.ConnectionImpl.getInstance(ConnectionImpl.java:386)
	at com.mysql.jdbc.NonRegisteringDriver.connect(NonRegisteringDriver.java:330)
	at org.apache.tomcat.jdbc.pool.PooledConnection.connectUsingDriver(PooledConnection.java:319)
	at org.apache.tomcat.jdbc.pool.PooledConnection.connect(PooledConnection.java:212)
	at org.apache.tomcat.jdbc.pool.ConnectionPool.createConnection(ConnectionPool.java:736)
	at org.apache.tomcat.jdbc.pool.ConnectionPool.borrowConnection(ConnectionPool.java:668)
	at org.apache.tomcat.jdbc.pool.ConnectionPool.init(ConnectionPool.java:483)
	at org.apache.tomcat.jdbc.pool.ConnectionPool.<init>(ConnectionPool.java:154)
	at org.apache.tomcat.jdbc.pool.DataSourceProxy.pCreatePool(DataSourceProxy.java:118)
	at org.apache.tomcat.jdbc.pool.DataSourceProxy.createPool(DataSourceProxy.java:107)
	at org.apache.tomcat.jdbc.pool.DataSourceProxy.getConnection(DataSourceProxy.java:131)
	at org.hibernate.engine.jdbc.connections.internal.DatasourceConnectionProviderImpl.getConnection(DatasourceConnectionProviderImpl.java:122)
	at org.hibernate.engine.jdbc.env.internal.JdbcEnvironmentInitiator$ConnectionProviderJdbcConnectionAccess.obtainConnection(JdbcEnvironmentInitiator.java:180)
	at org.hibernate.tool.schema.internal.TargetDatabaseImpl.prepare(TargetDatabaseImpl.java:38)
	at org.hibernate.tool.schema.internal.SchemaMigratorImpl.doMigration(SchemaMigratorImpl.java:57)
	at org.hibernate.tool.hbm2ddl.SchemaUpdate.execute(SchemaUpdate.java:134)
	at org.hibernate.tool.hbm2ddl.SchemaUpdate.execute(SchemaUpdate.java:101)
	at org.hibernate.internal.SessionFactoryImpl.<init>(SessionFactoryImpl.java:472)
	at org.hibernate.boot.internal.SessionFactoryBuilderImpl.build(SessionFactoryBuilderImpl.java:444)
	at org.hibernate.jpa.boot.internal.EntityManagerFactoryBuilderImpl.build(EntityManagerFactoryBuilderImpl.java:879)
	at org.springframework.orm.jpa.vendor.SpringHibernateJpaPersistenceProvider.createContainerEntityManagerFactory(SpringHibernateJpaPersistenceProvider.java:60)
	at org.springframework.orm.jpa.LocalContainerEntityManagerFactoryBean.createNativeEntityManagerFactory(LocalContainerEntityManagerFactoryBean.java:360)
	at org.springframework.orm.jpa.AbstractEntityManagerFactoryBean.buildNativeEntityManagerFactory(AbstractEntityManagerFactoryBean.java:384)
	at org.springframework.orm.jpa.AbstractEntityManagerFactoryBean.afterPropertiesSet(AbstractEntityManagerFactoryBean.java:371)
	at org.springframework.orm.jpa.LocalContainerEntityManagerFactoryBean.afterPropertiesSet(LocalContainerEntityManagerFactoryBean.java:336)
	at org.springframework.beans.factory.support.AbstractAutowireCapableBeanFactory.invokeInitMethods(AbstractAutowireCapableBeanFactory.java:1692)
	at org.springframework.beans.factory.support.AbstractAutowireCapableBeanFactory.initializeBean(AbstractAutowireCapableBeanFactory.java:1630)
	at org.springframework.beans.factory.support.AbstractAutowireCapableBeanFactory.doCreateBean(AbstractAutowireCapableBeanFactory.java:555)
	at org.springframework.beans.factory.support.AbstractAutowireCapableBeanFactory.createBean(AbstractAutowireCapableBeanFactory.java:483)
	at org.springframework.beans.factory.support.AbstractBeanFactory$1.getObject(AbstractBeanFactory.java:312)
	at org.springframework.beans.factory.support.DefaultSingletonBeanRegistry.getSingleton(DefaultSingletonBeanRegistry.java:230)
	at org.springframework.beans.factory.support.AbstractBeanFactory.doGetBean(AbstractBeanFactory.java:308)
	at org.springframework.beans.factory.support.AbstractBeanFactory.getBean(AbstractBeanFactory.java:197)
	at org.springframework.context.support.AbstractApplicationContext.getBean(AbstractApplicationContext.java:1080)
	at org.springframework.context.support.AbstractApplicationContext.finishBeanFactoryInitialization(AbstractApplicationContext.java:857)
	at org.springframework.context.support.AbstractApplicationContext.refresh(AbstractApplicationContext.java:543)
	at org.springframework.boot.SpringApplication.refresh(SpringApplication.java:693)
	at org.springframework.boot.SpringApplication.refreshContext(SpringApplication.java:360)
	at org.springframework.boot.SpringApplication.run(SpringApplication.java:303)
	at org.springframework.boot.test.context.SpringBootContextLoader.loadContext(SpringBootContextLoader.java:121)
	at org.springframework.test.context.cache.DefaultCacheAwareContextLoaderDelegate.loadContextInternal(DefaultCacheAwareContextLoaderDelegate.java:98)
	at org.springframework.test.context.cache.DefaultCacheAwareContextLoaderDelegate.loadContext(DefaultCacheAwareContextLoaderDelegate.java:116)
	at org.springframework.test.context.support.DefaultTestContext.getApplicationContext(DefaultTestContext.java:83)
	at org.springframework.test.context.web.ServletTestExecutionListener.setUpRequestContextIfNecessary(ServletTestExecutionListener.java:189)
	at org.springframework.test.context.web.ServletTestExecutionListener.prepareTestInstance(ServletTestExecutionListener.java:131)
	at org.springframework.test.context.TestContextManager.prepareTestInstance(TestContextManager.java:230)
	at org.springframework.test.context.junit4.SpringJUnit4ClassRunner.createTest(SpringJUnit4ClassRunner.java:228)
	at org.springframework.test.context.junit4.SpringJUnit4ClassRunner$1.runReflectiveCall(SpringJUnit4ClassRunner.java:287)
	at org.junit.internal.runners.model.ReflectiveCallable.run(ReflectiveCallable.java:12)
	at org.springframework.test.context.junit4.SpringJUnit4ClassRunner.methodBlock(SpringJUnit4ClassRunner.java:289)
	at org.springframework.test.context.junit4.SpringJUnit4ClassRunner.runChild(SpringJUnit4ClassRunner.java:247)
	at org.springframework.test.context.junit4.SpringJUnit4ClassRunner.runChild(SpringJUnit4ClassRunner.java:94)
	at org.junit.runners.ParentRunner$3.run(ParentRunner.java:290)
	at org.junit.runners.ParentRunner$1.schedule(ParentRunner.java:71)
	at org.junit.runners.ParentRunner.runChildren(ParentRunner.java:288)
	at org.junit.runners.ParentRunner.access$000(ParentRunner.java:58)
	at org.junit.runners.ParentRunner$2.evaluate(ParentRunner.java:268)
	at org.springframework.test.context.junit4.statements.RunBeforeTestClassCallbacks.evaluate(RunBeforeTestClassCallbacks.java:61)
	at org.springframework.test.context.junit4.statements.RunAfterTestClassCallbacks.evaluate(RunAfterTestClassCallbacks.java:70)
	at org.junit.runners.ParentRunner.run(ParentRunner.java:363)
	at org.springframework.test.context.junit4.SpringJUnit4ClassRunner.run(SpringJUnit4ClassRunner.java:191)
	at org.apache.maven.surefire.junit4.JUnit4Provider.execute(JUnit4Provider.java:283)
	at org.apache.maven.surefire.junit4.JUnit4Provider.executeWithRerun(JUnit4Provider.java:173)
	at org.apache.maven.surefire.junit4.JUnit4Provider.executeTestSet(JUnit4Provider.java:153)
	at org.apache.maven.surefire.junit4.JUnit4Provider.invoke(JUnit4Provider.java:128)
	at org.apache.maven.surefire.booter.ForkedBooter.invokeProviderInSameClassLoader(ForkedBooter.java:203)
	at org.apache.maven.surefire.booter.ForkedBooter.runSuitesInProcess(ForkedBooter.java:155)
	at org.apache.maven.surefire.booter.ForkedBooter.main(ForkedBooter.java:103)
]]></error>
    <system-out><![CDATA[15:36:23.885 [main] DEBUG org.springframework.test.context.junit4.SpringJUnit4ClassRunner - SpringJUnit4ClassRunner constructor called with [class ar.com.tecnosoftware.somos.AbmEmpleadoAppApplicationTests]
15:36:23.900 [main] DEBUG org.springframework.test.context.BootstrapUtils - Instantiating CacheAwareContextLoaderDelegate from class [org.springframework.test.context.cache.DefaultCacheAwareContextLoaderDelegate]
15:36:23.916 [main] DEBUG org.springframework.test.context.BootstrapUtils - Instantiating BootstrapContext using constructor [public org.springframework.test.context.support.DefaultBootstrapContext(java.lang.Class,org.springframework.test.context.CacheAwareContextLoaderDelegate)]
15:36:23.947 [main] DEBUG org.springframework.test.context.BootstrapUtils - Instantiating TestContextBootstrapper for test class [ar.com.tecnosoftware.somos.AbmEmpleadoAppApplicationTests] from class [org.springframework.boot.test.context.SpringBootTestContextBootstrapper]
15:36:23.963 [main] INFO org.springframework.boot.test.context.SpringBootTestContextBootstrapper - Neither @ContextConfiguration nor @ContextHierarchy found for test class [ar.com.tecnosoftware.somos.AbmEmpleadoAppApplicationTests], using SpringBootContextLoader
15:36:23.963 [main] DEBUG org.springframework.test.context.support.AbstractContextLoader - Did not detect default resource location for test class [ar.com.tecnosoftware.somos.AbmEmpleadoAppApplicationTests]: class path resource [ar/com/tecnosoftware/somos/AbmEmpleadoAppApplicationTests-context.xml] does not exist
15:36:23.963 [main] DEBUG org.springframework.test.context.support.AbstractContextLoader - Did not detect default resource location for test class [ar.com.tecnosoftware.somos.AbmEmpleadoAppApplicationTests]: class path resource [ar/com/tecnosoftware/somos/AbmEmpleadoAppApplicationTestsContext.groovy] does not exist
15:36:23.963 [main] INFO org.springframework.test.context.support.AbstractContextLoader - Could not detect default resource locations for test class [ar.com.tecnosoftware.somos.AbmEmpleadoAppApplicationTests]: no resource found for suffixes {-context.xml, Context.groovy}.
15:36:23.963 [main] INFO org.springframework.test.context.support.AnnotationConfigContextLoaderUtils - Could not detect default configuration classes for test class [ar.com.tecnosoftware.somos.AbmEmpleadoAppApplicationTests]: AbmEmpleadoAppApplicationTests does not declare any static, non-private, non-final, nested classes annotated with @Configuration.
15:36:23.994 [main] DEBUG org.springframework.test.context.support.ActiveProfilesUtils - Could not find an 'annotation declaring class' for annotation type [org.springframework.test.context.ActiveProfiles] and class [ar.com.tecnosoftware.somos.AbmEmpleadoAppApplicationTests]
15:36:24.010 [main] DEBUG org.springframework.core.env.StandardEnvironment - Adding PropertySource 'systemProperties' with lowest search precedence
15:36:24.010 [main] DEBUG org.springframework.core.env.StandardEnvironment - Adding PropertySource 'systemEnvironment' with lowest search precedence
15:36:24.010 [main] DEBUG org.springframework.core.env.StandardEnvironment - Initialized StandardEnvironment with PropertySources [MapPropertySource@94264799 {name='systemProperties', properties={idea.version=2018.1.4, java.runtime.name=Java(TM) SE Runtime Environment, sun.boot.library.path=C:\Program Files\Java\jdk1.8.0_171\jre\bin, java.vm.version=25.171-b11, java.vm.vendor=Oracle Corporation, java.vendor.url=http://java.oracle.com/, path.separator=;, java.vm.name=Java HotSpot(TM) 64-Bit Server VM, file.encoding.pkg=sun.io, user.country=AR, user.script=, sun.java.launcher=SUN_STANDARD, sun.os.patch.level=, java.vm.specification.name=Java Virtual Machine Specification, user.dir=C:\Users\rrojas\IdeaProjects\somos2\abmEmpleados\abmEmpleadoApp, java.runtime.version=1.8.0_171-b11, basedir=C:\Users\rrojas\IdeaProjects\somos2\abmEmpleados\abmEmpleadoApp, java.awt.graphicsenv=sun.awt.Win32GraphicsEnvironment, java.endorsed.dirs=C:\Program Files\Java\jdk1.8.0_171\jre\lib\endorsed, os.arch=amd64, surefire.real.class.path=C:\Users\rrojas\IdeaProjects\somos2\abmEmpleados\abmEmpleadoApp\target\surefire\surefirebooter332474842607796283.jar, java.io.tmpdir=C:\Users\rrojas\AppData\Local\Temp\, line.separator=
, java.vm.specification.vendor=Oracle Corporation, user.variant=, os.name=Windows 10, sun.jnu.encoding=Cp1252, java.library.path=C:\Program Files\Java\jdk1.8.0_171\jre\bin;C:\Windows\Sun\Java\bin;C:\Windows\system32;C:\Windows;C:\Program Files (x86)\Common Files\Oracle\Java\javapath;C:\Windows\system32;C:\Windows;C:\Windows\System32\Wbem;C:\Windows\System32\WindowsPowerShell\v1.0\;C:\Program Files\TortoiseSVN\bin;C:\maven\apache-maven-3.5.4\bin;C:\Program Files\Java\jdk1.7.0_80\bin;C:\devel\Git\cmd;C:\devel\nodejs\;C:\Users\rrojas\AppData\Local\Microsoft\WindowsApps;C:\Users\rrojas\AppData\Roaming\npm;., surefire.test.class.path=C:\Users\rrojas\IdeaProjects\somos2\abmEmpleados\abmEmpleadoApp\target\test-classes;C:\Users\rrojas\IdeaProjects\somos2\abmEmpleados\abmEmpleadoApp\target\classes;C:\Users\rrojas\.m2\repository\repo\org\springframework\boot\spring-boot-starter-data-jpa\1.5.14.BUILD-SNAPSHOT\spring-boot-starter-data-jpa-1.5.14.BUILD-SNAPSHOT.jar;C:\Users\rrojas\.m2\repository\repo\org\springframework\boot\spring-boot-starter\1.5.14.BUILD-SNAPSHOT\spring-boot-starter-1.5.14.BUILD-SNAPSHOT.jar;C:\Users\rrojas\.m2\repository\repo\org\springframework\boot\spring-boot\1.5.14.BUILD-SNAPSHOT\spring-boot-1.5.14.BUILD-SNAPSHOT.jar;C:\Users\rrojas\.m2\repository\repo\org\springframework\boot\spring-boot-autoconfigure\1.5.14.BUILD-SNAPSHOT\spring-boot-autoconfigure-1.5.14.BUILD-SNAPSHOT.jar;C:\Users\rrojas\.m2\repository\repo\org\springframework\boot\spring-boot-starter-logging\1.5.14.BUILD-SNAPSHOT\spring-boot-starter-logging-1.5.14.BUILD-SNAPSHOT.jar;C:\Users\rrojas\.m2\repository\repo\ch\qos\logback\logback-classic\1.1.11\logback-classic-1.1.11.jar;C:\Users\rrojas\.m2\repository\repo\ch\qos\logback\logback-core\1.1.11\logback-core-1.1.11.jar;C:\Users\rrojas\.m2\repository\repo\org\slf4j\jul-to-slf4j\1.7.25\jul-to-slf4j-1.7.25.jar;C:\Users\rrojas\.m2\repository\repo\org\slf4j\log4j-over-slf4j\1.7.25\log4j-over-slf4j-1.7.25.jar;C:\Users\rrojas\.m2\repository\repo\org\yaml\snakeyaml\1.17\snakeyaml-1.17.jar;C:\Users\rrojas\.m2\repository\repo\org\springframework\boot\spring-boot-starter-aop\1.5.14.BUILD-SNAPSHOT\spring-boot-starter-aop-1.5.14.BUILD-SNAPSHOT.jar;C:\Users\rrojas\.m2\repository\repo\org\aspectj\aspectjweaver\1.8.13\aspectjweaver-1.8.13.jar;C:\Users\rrojas\.m2\repository\repo\org\springframework\boot\spring-boot-starter-jdbc\1.5.14.BUILD-SNAPSHOT\spring-boot-starter-jdbc-1.5.14.BUILD-SNAPSHOT.jar;C:\Users\rrojas\.m2\repository\repo\org\apache\tomcat\tomcat-jdbc\8.5.31\tomcat-jdbc-8.5.31.jar;C:\Users\rrojas\.m2\repository\repo\org\apache\tomcat\tomcat-juli\8.5.31\tomcat-juli-8.5.31.jar;C:\Users\rrojas\.m2\repository\repo\org\springframework\spring-jdbc\4.3.18.RELEASE\spring-jdbc-4.3.18.RELEASE.jar;C:\Users\rrojas\.m2\repository\repo\org\hibernate\hibernate-core\5.0.12.Final\hibernate-core-5.0.12.Final.jar;C:\Users\rrojas\.m2\repository\repo\org\jboss\logging\jboss-logging\3.3.2.Final\jboss-logging-3.3.2.Final.jar;C:\Users\rrojas\.m2\repository\repo\org\hibernate\javax\persistence\hibernate-jpa-2.1-api\1.0.0.Final\hibernate-jpa-2.1-api-1.0.0.Final.jar;C:\Users\rrojas\.m2\repository\repo\org\javassist\javassist\3.21.0-GA\javassist-3.21.0-GA.jar;C:\Users\rrojas\.m2\repository\repo\antlr\antlr\2.7.7\antlr-2.7.7.jar;C:\Users\rrojas\.m2\repository\repo\org\jboss\jandex\2.0.0.Final\jandex-2.0.0.Final.jar;C:\Users\rrojas\.m2\repository\repo\dom4j\dom4j\1.6.1\dom4j-1.6.1.jar;C:\Users\rrojas\.m2\repository\repo\org\hibernate\common\hibernate-commons-annotations\5.0.1.Final\hibernate-commons-annotations-5.0.1.Final.jar;C:\Users\rrojas\.m2\repository\repo\org\hibernate\hibernate-entitymanager\5.0.12.Final\hibernate-entitymanager-5.0.12.Final.jar;C:\Users\rrojas\.m2\repository\repo\javax\transaction\javax.transaction-api\1.2\javax.transaction-api-1.2.jar;C:\Users\rrojas\.m2\repository\repo\org\springframework\data\spring-data-jpa\1.11.13.RELEASE\spring-data-jpa-1.11.13.RELEASE.jar;C:\Users\rrojas\.m2\repository\repo\org\springframework\data\spring-data-commons\1.13.13.RELEASE\spring-data-commons-1.13.13.RELEASE.jar;C:\Users\rrojas\.m2\repository\repo\org\springframework\spring-orm\4.3.18.RELEASE\spring-orm-4.3.18.RELEASE.jar;C:\Users\rrojas\.m2\repository\repo\org\springframework\spring-context\4.3.18.RELEASE\spring-context-4.3.18.RELEASE.jar;C:\Users\rrojas\.m2\repository\repo\org\springframework\spring-tx\4.3.18.RELEASE\spring-tx-4.3.18.RELEASE.jar;C:\Users\rrojas\.m2\repository\repo\org\springframework\spring-beans\4.3.18.RELEASE\spring-beans-4.3.18.RELEASE.jar;C:\Users\rrojas\.m2\repository\repo\org\slf4j\slf4j-api\1.7.25\slf4j-api-1.7.25.jar;C:\Users\rrojas\.m2\repository\repo\org\slf4j\jcl-over-slf4j\1.7.25\jcl-over-slf4j-1.7.25.jar;C:\Users\rrojas\.m2\repository\repo\org\springframework\spring-aspects\4.3.18.RELEASE\spring-aspects-4.3.18.RELEASE.jar;C:\Users\rrojas\.m2\repository\repo\org\springframework\boot\spring-boot-starter-web\1.5.14.BUILD-SNAPSHOT\spring-boot-starter-web-1.5.14.BUILD-SNAPSHOT.jar;C:\Users\rrojas\.m2\repository\repo\org\springframework\boot\spring-boot-starter-tomcat\1.5.14.BUILD-SNAPSHOT\spring-boot-starter-tomcat-1.5.14.BUILD-SNAPSHOT.jar;C:\Users\rrojas\.m2\repository\repo\org\apache\tomcat\embed\tomcat-embed-core\8.5.31\tomcat-embed-core-8.5.31.jar;C:\Users\rrojas\.m2\repository\repo\org\apache\tomcat\tomcat-annotations-api\8.5.31\tomcat-annotations-api-8.5.31.jar;C:\Users\rrojas\.m2\repository\repo\org\apache\tomcat\embed\tomcat-embed-el\8.5.31\tomcat-embed-el-8.5.31.jar;C:\Users\rrojas\.m2\repository\repo\org\apache\tomcat\embed\tomcat-embed-websocket\8.5.31\tomcat-embed-websocket-8.5.31.jar;C:\Users\rrojas\.m2\repository\repo\org\hibernate\hibernate-validator\5.3.6.Final\hibernate-validator-5.3.6.Final.jar;C:\Users\rrojas\.m2\repository\repo\javax\validation\validation-api\1.1.0.Final\validation-api-1.1.0.Final.jar;C:\Users\rrojas\.m2\repository\repo\com\fasterxml\classmate\1.3.4\classmate-1.3.4.jar;C:\Users\rrojas\.m2\repository\repo\com\fasterxml\jackson\core\jackson-databind\2.8.11.2\jackson-databind-2.8.11.2.jar;C:\Users\rrojas\.m2\repository\repo\com\fasterxml\jackson\core\jackson-annotations\2.8.0\jackson-annotations-2.8.0.jar;C:\Users\rrojas\.m2\repository\repo\com\fasterxml\jackson\core\jackson-core\2.8.11\jackson-core-2.8.11.jar;C:\Users\rrojas\.m2\repository\repo\org\springframework\spring-web\4.3.18.RELEASE\spring-web-4.3.18.RELEASE.jar;C:\Users\rrojas\.m2\repository\repo\org\springframework\spring-webmvc\4.3.18.RELEASE\spring-webmvc-4.3.18.RELEASE.jar;C:\Users\rrojas\.m2\repository\repo\org\springframework\spring-expression\4.3.18.RELEASE\spring-expression-4.3.18.RELEASE.jar;C:\Users\rrojas\.m2\repository\repo\com\h2database\h2\1.4.197\h2-1.4.197.jar;C:\Users\rrojas\.m2\repository\repo\org\springframework\boot\spring-boot-starter-test\1.5.14.BUILD-SNAPSHOT\spring-boot-starter-test-1.5.14.BUILD-SNAPSHOT.jar;C:\Users\rrojas\.m2\repository\repo\org\springframework\boot\spring-boot-test\1.5.14.BUILD-SNAPSHOT\spring-boot-test-1.5.14.BUILD-SNAPSHOT.jar;C:\Users\rrojas\.m2\repository\repo\org\springframework\boot\spring-boot-test-autoconfigure\1.5.14.BUILD-SNAPSHOT\spring-boot-test-autoconfigure-1.5.14.BUILD-SNAPSHOT.jar;C:\Users\rrojas\.m2\repository\repo\com\jayway\jsonpath\json-path\2.2.0\json-path-2.2.0.jar;C:\Users\rrojas\.m2\repository\repo\net\minidev\json-smart\2.2.1\json-smart-2.2.1.jar;C:\Users\rrojas\.m2\repository\repo\net\minidev\accessors-smart\1.1\accessors-smart-1.1.jar;C:\Users\rrojas\.m2\repository\repo\org\ow2\asm\asm\5.0.3\asm-5.0.3.jar;C:\Users\rrojas\.m2\repository\repo\junit\junit\4.12\junit-4.12.jar;C:\Users\rrojas\.m2\repository\repo\org\assertj\assertj-core\2.6.0\assertj-core-2.6.0.jar;C:\Users\rrojas\.m2\repository\repo\org\mockito\mockito-core\1.10.19\mockito-core-1.10.19.jar;C:\Users\rrojas\.m2\repository\repo\org\objenesis\objenesis\2.1\objenesis-2.1.jar;C:\Users\rrojas\.m2\repository\repo\org\hamcrest\hamcrest-core\1.3\hamcrest-core-1.3.jar;C:\Users\rrojas\.m2\repository\repo\org\hamcrest\hamcrest-library\1.3\hamcrest-library-1.3.jar;C:\Users\rrojas\.m2\repository\repo\org\skyscreamer\jsonassert\1.4.0\jsonassert-1.4.0.jar;C:\Users\rrojas\.m2\repository\repo\com\vaadin\external\google\android-json\0.0.20131108.vaadin1\android-json-0.0.20131108.vaadin1.jar;C:\Users\rrojas\.m2\repository\repo\org\springframework\spring-core\4.3.18.RELEASE\spring-core-4.3.18.RELEASE.jar;C:\Users\rrojas\.m2\repository\repo\org\springframework\spring-test\4.3.18.RELEASE\spring-test-4.3.18.RELEASE.jar;C:\Users\rrojas\.m2\repository\repo\org\springframework\boot\spring-boot-starter-security\1.5.14.BUILD-SNAPSHOT\spring-boot-starter-security-1.5.14.BUILD-SNAPSHOT.jar;C:\Users\rrojas\.m2\repository\repo\org\springframework\spring-aop\4.3.18.RELEASE\spring-aop-4.3.18.RELEASE.jar;C:\Users\rrojas\.m2\repository\repo\org\springframework\security\spring-security-config\4.2.7.RELEASE\spring-security-config-4.2.7.RELEASE.jar;C:\Users\rrojas\.m2\repository\repo\org\springframework\security\spring-security-core\4.2.7.RELEASE\spring-security-core-4.2.7.RELEASE.jar;C:\Users\rrojas\.m2\repository\repo\org\springframework\security\spring-security-web\4.2.7.RELEASE\spring-security-web-4.2.7.RELEASE.jar;C:\Users\rrojas\.m2\repository\repo\mysql\mysql-connector-java\5.1.46\mysql-connector-java-5.1.46.jar;, java.specification.name=Java Platform API Specification, java.class.version=52.0, sun.management.compiler=HotSpot 64-Bit Tiered Compilers, maven.repo.local=C:\Users\rrojas\.m2\repository\repo, os.version=10.0, user.home=C:\Users\rrojas, user.timezone=America/Buenos_Aires, java.awt.printerjob=sun.awt.windows.WPrinterJob, file.encoding=Cp1252, java.specification.version=1.8, java.class.path=C:\Users\rrojas\IdeaProjects\somos2\abmEmpleados\abmEmpleadoApp\target\test-classes;C:\Users\rrojas\IdeaProjects\somos2\abmEmpleados\abmEmpleadoApp\target\classes;C:\Users\rrojas\.m2\repository\repo\org\springframework\boot\spring-boot-starter-data-jpa\1.5.14.BUILD-SNAPSHOT\spring-boot-starter-data-jpa-1.5.14.BUILD-SNAPSHOT.jar;C:\Users\rrojas\.m2\repository\repo\org\springframework\boot\spring-boot-starter\1.5.14.BUILD-SNAPSHOT\spring-boot-starter-1.5.14.BUILD-SNAPSHOT.jar;C:\Users\rrojas\.m2\repository\repo\org\springframework\boot\spring-boot\1.5.14.BUILD-SNAPSHOT\spring-boot-1.5.14.BUILD-SNAPSHOT.jar;C:\Users\rrojas\.m2\repository\repo\org\springframework\boot\spring-boot-autoconfigure\1.5.14.BUILD-SNAPSHOT\spring-boot-autoconfigure-1.5.14.BUILD-SNAPSHOT.jar;C:\Users\rrojas\.m2\repository\repo\org\springframework\boot\spring-boot-starter-logging\1.5.14.BUILD-SNAPSHOT\spring-boot-starter-logging-1.5.14.BUILD-SNAPSHOT.jar;C:\Users\rrojas\.m2\repository\repo\ch\qos\logback\logback-classic\1.1.11\logback-classic-1.1.11.jar;C:\Users\rrojas\.m2\repository\repo\ch\qos\logback\logback-core\1.1.11\logback-core-1.1.11.jar;C:\Users\rrojas\.m2\repository\repo\org\slf4j\jul-to-slf4j\1.7.25\jul-to-slf4j-1.7.25.jar;C:\Users\rrojas\.m2\repository\repo\org\slf4j\log4j-over-slf4j\1.7.25\log4j-over-slf4j-1.7.25.jar;C:\Users\rrojas\.m2\repository\repo\org\yaml\snakeyaml\1.17\snakeyaml-1.17.jar;C:\Users\rrojas\.m2\repository\repo\org\springframework\boot\spring-boot-starter-aop\1.5.14.BUILD-SNAPSHOT\spring-boot-starter-aop-1.5.14.BUILD-SNAPSHOT.jar;C:\Users\rrojas\.m2\repository\repo\org\aspectj\aspectjweaver\1.8.13\aspectjweaver-1.8.13.jar;C:\Users\rrojas\.m2\repository\repo\org\springframework\boot\spring-boot-starter-jdbc\1.5.14.BUILD-SNAPSHOT\spring-boot-starter-jdbc-1.5.14.BUILD-SNAPSHOT.jar;C:\Users\rrojas\.m2\repository\repo\org\apache\tomcat\tomcat-jdbc\8.5.31\tomcat-jdbc-8.5.31.jar;C:\Users\rrojas\.m2\repository\repo\org\apache\tomcat\tomcat-juli\8.5.31\tomcat-juli-8.5.31.jar;C:\Users\rrojas\.m2\repository\repo\org\springframework\spring-jdbc\4.3.18.RELEASE\spring-jdbc-4.3.18.RELEASE.jar;C:\Users\rrojas\.m2\repository\repo\org\hibernate\hibernate-core\5.0.12.Final\hibernate-core-5.0.12.Final.jar;C:\Users\rrojas\.m2\repository\repo\org\jboss\logging\jboss-logging\3.3.2.Final\jboss-logging-3.3.2.Final.jar;C:\Users\rrojas\.m2\repository\repo\org\hibernate\javax\persistence\hibernate-jpa-2.1-api\1.0.0.Final\hibernate-jpa-2.1-api-1.0.0.Final.jar;C:\Users\rrojas\.m2\repository\repo\org\javassist\javassist\3.21.0-GA\javassist-3.21.0-GA.jar;C:\Users\rrojas\.m2\repository\repo\antlr\antlr\2.7.7\antlr-2.7.7.jar;C:\Users\rrojas\.m2\repository\repo\org\jboss\jandex\2.0.0.Final\jandex-2.0.0.Final.jar;C:\Users\rrojas\.m2\repository\repo\dom4j\dom4j\1.6.1\dom4j-1.6.1.jar;C:\Users\rrojas\.m2\repository\repo\org\hibernate\common\hibernate-commons-annotations\5.0.1.Final\hibernate-commons-annotations-5.0.1.Final.jar;C:\Users\rrojas\.m2\repository\repo\org\hibernate\hibernate-entitymanager\5.0.12.Final\hibernate-entitymanager-5.0.12.Final.jar;C:\Users\rrojas\.m2\repository\repo\javax\transaction\javax.transaction-api\1.2\javax.transaction-api-1.2.jar;C:\Users\rrojas\.m2\repository\repo\org\springframework\data\spring-data-jpa\1.11.13.RELEASE\spring-data-jpa-1.11.13.RELEASE.jar;C:\Users\rrojas\.m2\repository\repo\org\springframework\data\spring-data-commons\1.13.13.RELEASE\spring-data-commons-1.13.13.RELEASE.jar;C:\Users\rrojas\.m2\repository\repo\org\springframework\spring-orm\4.3.18.RELEASE\spring-orm-4.3.18.RELEASE.jar;C:\Users\rrojas\.m2\repository\repo\org\springframework\spring-context\4.3.18.RELEASE\spring-context-4.3.18.RELEASE.jar;C:\Users\rrojas\.m2\repository\repo\org\springframework\spring-tx\4.3.18.RELEASE\spring-tx-4.3.18.RELEASE.jar;C:\Users\rrojas\.m2\repository\repo\org\springframework\spring-beans\4.3.18.RELEASE\spring-beans-4.3.18.RELEASE.jar;C:\Users\rrojas\.m2\repository\repo\org\slf4j\slf4j-api\1.7.25\slf4j-api-1.7.25.jar;C:\Users\rrojas\.m2\repository\repo\org\slf4j\jcl-over-slf4j\1.7.25\jcl-over-slf4j-1.7.25.jar;C:\Users\rrojas\.m2\repository\repo\org\springframework\spring-aspects\4.3.18.RELEASE\spring-aspects-4.3.18.RELEASE.jar;C:\Users\rrojas\.m2\repository\repo\org\springframework\boot\spring-boot-starter-web\1.5.14.BUILD-SNAPSHOT\spring-boot-starter-web-1.5.14.BUILD-SNAPSHOT.jar;C:\Users\rrojas\.m2\repository\repo\org\springframework\boot\spring-boot-starter-tomcat\1.5.14.BUILD-SNAPSHOT\spring-boot-starter-tomcat-1.5.14.BUILD-SNAPSHOT.jar;C:\Users\rrojas\.m2\repository\repo\org\apache\tomcat\embed\tomcat-embed-core\8.5.31\tomcat-embed-core-8.5.31.jar;C:\Users\rrojas\.m2\repository\repo\org\apache\tomcat\tomcat-annotations-api\8.5.31\tomcat-annotations-api-8.5.31.jar;C:\Users\rrojas\.m2\repository\repo\org\apache\tomcat\embed\tomcat-embed-el\8.5.31\tomcat-embed-el-8.5.31.jar;C:\Users\rrojas\.m2\repository\repo\org\apache\tomcat\embed\tomcat-embed-websocket\8.5.31\tomcat-embed-websocket-8.5.31.jar;C:\Users\rrojas\.m2\repository\repo\org\hibernate\hibernate-validator\5.3.6.Final\hibernate-validator-5.3.6.Final.jar;C:\Users\rrojas\.m2\repository\repo\javax\validation\validation-api\1.1.0.Final\validation-api-1.1.0.Final.jar;C:\Users\rrojas\.m2\repository\repo\com\fasterxml\classmate\1.3.4\classmate-1.3.4.jar;C:\Users\rrojas\.m2\repository\repo\com\fasterxml\jackson\core\jackson-databind\2.8.11.2\jackson-databind-2.8.11.2.jar;C:\Users\rrojas\.m2\repository\repo\com\fasterxml\jackson\core\jackson-annotations\2.8.0\jackson-annotations-2.8.0.jar;C:\Users\rrojas\.m2\repository\repo\com\fasterxml\jackson\core\jackson-core\2.8.11\jackson-core-2.8.11.jar;C:\Users\rrojas\.m2\repository\repo\org\springframework\spring-web\4.3.18.RELEASE\spring-web-4.3.18.RELEASE.jar;C:\Users\rrojas\.m2\repository\repo\org\springframework\spring-webmvc\4.3.18.RELEASE\spring-webmvc-4.3.18.RELEASE.jar;C:\Users\rrojas\.m2\repository\repo\org\springframework\spring-expression\4.3.18.RELEASE\spring-expression-4.3.18.RELEASE.jar;C:\Users\rrojas\.m2\repository\repo\com\h2database\h2\1.4.197\h2-1.4.197.jar;C:\Users\rrojas\.m2\repository\repo\org\springframework\boot\spring-boot-starter-test\1.5.14.BUILD-SNAPSHOT\spring-boot-starter-test-1.5.14.BUILD-SNAPSHOT.jar;C:\Users\rrojas\.m2\repository\repo\org\springframework\boot\spring-boot-test\1.5.14.BUILD-SNAPSHOT\spring-boot-test-1.5.14.BUILD-SNAPSHOT.jar;C:\Users\rrojas\.m2\repository\repo\org\springframework\boot\spring-boot-test-autoconfigure\1.5.14.BUILD-SNAPSHOT\spring-boot-test-autoconfigure-1.5.14.BUILD-SNAPSHOT.jar;C:\Users\rrojas\.m2\repository\repo\com\jayway\jsonpath\json-path\2.2.0\json-path-2.2.0.jar;C:\Users\rrojas\.m2\repository\repo\net\minidev\json-smart\2.2.1\json-smart-2.2.1.jar;C:\Users\rrojas\.m2\repository\repo\net\minidev\accessors-smart\1.1\accessors-smart-1.1.jar;C:\Users\rrojas\.m2\repository\repo\org\ow2\asm\asm\5.0.3\asm-5.0.3.jar;C:\Users\rrojas\.m2\repository\repo\junit\junit\4.12\junit-4.12.jar;C:\Users\rrojas\.m2\repository\repo\org\assertj\assertj-core\2.6.0\assertj-core-2.6.0.jar;C:\Users\rrojas\.m2\repository\repo\org\mockito\mockito-core\1.10.19\mockito-core-1.10.19.jar;C:\Users\rrojas\.m2\repository\repo\org\objenesis\objenesis\2.1\objenesis-2.1.jar;C:\Users\rrojas\.m2\repository\repo\org\hamcrest\hamcrest-core\1.3\hamcrest-core-1.3.jar;C:\Users\rrojas\.m2\repository\repo\org\hamcrest\hamcrest-library\1.3\hamcrest-library-1.3.jar;C:\Users\rrojas\.m2\repository\repo\org\skyscreamer\jsonassert\1.4.0\jsonassert-1.4.0.jar;C:\Users\rrojas\.m2\repository\repo\com\vaadin\external\google\android-json\0.0.20131108.vaadin1\android-json-0.0.20131108.vaadin1.jar;C:\Users\rrojas\.m2\repository\repo\org\springframework\spring-core\4.3.18.RELEASE\spring-core-4.3.18.RELEASE.jar;C:\Users\rrojas\.m2\repository\repo\org\springframework\spring-test\4.3.18.RELEASE\spring-test-4.3.18.RELEASE.jar;C:\Users\rrojas\.m2\repository\repo\org\springframework\boot\spring-boot-starter-security\1.5.14.BUILD-SNAPSHOT\spring-boot-starter-security-1.5.14.BUILD-SNAPSHOT.jar;C:\Users\rrojas\.m2\repository\repo\org\springframework\spring-aop\4.3.18.RELEASE\spring-aop-4.3.18.RELEASE.jar;C:\Users\rrojas\.m2\repository\repo\org\springframework\security\spring-security-config\4.2.7.RELEASE\spring-security-config-4.2.7.RELEASE.jar;C:\Users\rrojas\.m2\repository\repo\org\springframework\security\spring-security-core\4.2.7.RELEASE\spring-security-core-4.2.7.RELEASE.jar;C:\Users\rrojas\.m2\repository\repo\org\springframework\security\spring-security-web\4.2.7.RELEASE\spring-security-web-4.2.7.RELEASE.jar;C:\Users\rrojas\.m2\repository\repo\mysql\mysql-connector-java\5.1.46\mysql-connector-java-5.1.46.jar;, user.name=rrojas, java.vm.specification.version=1.8, sun.java.command=C:\Users\rrojas\IdeaProjects\somos2\abmEmpleados\abmEmpleadoApp\target\surefire\surefirebooter332474842607796283.jar C:\Users\rrojas\IdeaProjects\somos2\abmEmpleados\abmEmpleadoApp\target\surefire\surefire670683389926950122tmp C:\Users\rrojas\IdeaProjects\somos2\abmEmpleados\abmEmpleadoApp\target\surefire\surefire_0907438481022003354tmp, java.home=C:\Program Files\Java\jdk1.8.0_171\jre, sun.arch.data.model=64, user.language=es, java.specification.vendor=Oracle Corporation, awt.toolkit=sun.awt.windows.WToolkit, java.vm.info=mixed mode, java.version=1.8.0_171, java.ext.dirs=C:\Program Files\Java\jdk1.8.0_171\jre\lib\ext;C:\Windows\Sun\Java\lib\ext, sun.boot.class.path=C:\Program Files\Java\jdk1.8.0_171\jre\lib\resources.jar;C:\Program Files\Java\jdk1.8.0_171\jre\lib\rt.jar;C:\Program Files\Java\jdk1.8.0_171\jre\lib\sunrsasign.jar;C:\Program Files\Java\jdk1.8.0_171\jre\lib\jsse.jar;C:\Program Files\Java\jdk1.8.0_171\jre\lib\jce.jar;C:\Program Files\Java\jdk1.8.0_171\jre\lib\charsets.jar;C:\Program Files\Java\jdk1.8.0_171\jre\lib\jfr.jar;C:\Program Files\Java\jdk1.8.0_171\jre\classes, java.vendor=Oracle Corporation, localRepository=C:\Users\rrojas\.m2\repository\repo, file.separator=\, java.vendor.url.bug=http://bugreport.sun.com/bugreport/, sun.io.unicode.encoding=UnicodeLittle, sun.cpu.endian=little, sun.desktop=windows, sun.cpu.isalist=amd64}}, SystemEnvironmentPropertySource@1399499405 {name='systemEnvironment', properties={PATH=C:\Program Files (x86)\Common Files\Oracle\Java\javapath;C:\Windows\system32;C:\Windows;C:\Windows\System32\Wbem;C:\Windows\System32\WindowsPowerShell\v1.0\;C:\Program Files\TortoiseSVN\bin;C:\maven\apache-maven-3.5.4\bin;C:\Program Files\Java\jdk1.7.0_80\bin;C:\devel\Git\cmd;C:\devel\nodejs\;C:\Users\rrojas\AppData\Local\Microsoft\WindowsApps;C:\Users\rrojas\AppData\Roaming\npm, USERDOMAIN_ROAMINGPROFILE=TECNO, LOCALAPPDATA=C:\Users\rrojas\AppData\Local, PROCESSOR_LEVEL=6, SYSTEMDRIVE=C:, COMMONPROGRAMFILES(X86)=C:\Program Files (x86)\Common Files, USERDOMAIN=TECNO, FPS_BROWSER_APP_PROFILE_STRING=Internet Explorer, LOGONSERVER=\\SRVDCTECNO, JAVA_HOME=C:\Program Files\Java\jdk1.7.0_80, PROMPT=$P$G, SESSIONNAME=Console, ALLUSERSPROFILE=C:\ProgramData, PROGRAMFILES(X86)=C:\Program Files (x86), PROCESSOR_ARCHITECTURE=AMD64, MAVEN_HOME=C:\maven\apache-maven-3.5.4, PROGRAMFILES=C:\Program Files, =C:=C:\Users\rrojas\IdeaProjects\somos2\abmEmpleados\abmEmpleadoApp, APPDATA=C:\Users\rrojas\AppData\Roaming, PSMODULEPATH=C:\Program Files\WindowsPowerShell\Modules;C:\Windows\system32\WindowsPowerShell\v1.0\Modules, PROGRAMW6432=C:\Program Files, PROGRAMDATA=C:\ProgramData, SYSTEMROOT=C:\Windows, USERNAME=rrojas, USERDNSDOMAIN=TECNOSOFTWARE.COM, NODE_PATH=%AppData%\npm\node_modules, FPS_BROWSER_USER_PROFILE_STRING=Default, ONEDRIVE=C:\Users\rrojas\OneDrive, PATHEXT=.COM;.EXE;.BAT;.CMD;.VBS;.VBE;.JS;.JSE;.WSF;.WSH;.MSC, OS=Windows_NT, COMMONPROGRAMW6432=C:\Program Files\Common Files, COMPUTERNAME=BC-NB-RARO, COMMONPROGRAMFILES=C:\Program Files\Common Files, COMSPEC=C:\Windows\system32\cmd.exe, PROCESSOR_REVISION=4e03, WINDIR=C:\Windows, HOMEPATH=\Users\rrojas, TEMP=C:\Users\rrojas\AppData\Local\Temp, HOMEDRIVE=C:, PROCESSOR_IDENTIFIER=Intel64 Family 6 Model 78 Stepping 3, GenuineIntel, USERPROFILE=C:\Users\rrojas, TMP=C:\Users\rrojas\AppData\Local\Temp, M2_HOME=C:\maven\apache-maven-3.5.4, PUBLIC=C:\Users\Public, NUMBER_OF_PROCESSORS=4, =::=::\}}]
15:36:24.025 [main] DEBUG org.springframework.core.io.support.PathMatchingResourcePatternResolver - Resolved classpath location [ar/com/tecnosoftware/somos/] to resources [URL [file:/C:/Users/rrojas/IdeaProjects/somos2/abmEmpleados/abmEmpleadoApp/target/test-classes/ar/com/tecnosoftware/somos/], URL [file:/C:/Users/rrojas/IdeaProjects/somos2/abmEmpleados/abmEmpleadoApp/target/classes/ar/com/tecnosoftware/somos/]]
15:36:24.025 [main] DEBUG org.springframework.core.io.support.PathMatchingResourcePatternResolver - Looking for matching resources in directory tree [C:\Users\rrojas\IdeaProjects\somos2\abmEmpleados\abmEmpleadoApp\target\test-classes\ar\com\tecnosoftware\somos]
15:36:24.025 [main] DEBUG org.springframework.core.io.support.PathMatchingResourcePatternResolver - Searching directory [C:\Users\rrojas\IdeaProjects\somos2\abmEmpleados\abmEmpleadoApp\target\test-classes\ar\com\tecnosoftware\somos] for files matching pattern [C:/Users/rrojas/IdeaProjects/somos2/abmEmpleados/abmEmpleadoApp/target/test-classes/ar/com/tecnosoftware/somos/*.class]
15:36:24.041 [main] DEBUG org.springframework.core.io.support.PathMatchingResourcePatternResolver - Looking for matching resources in directory tree [C:\Users\rrojas\IdeaProjects\somos2\abmEmpleados\abmEmpleadoApp\target\classes\ar\com\tecnosoftware\somos]
15:36:24.041 [main] DEBUG org.springframework.core.io.support.PathMatchingResourcePatternResolver - Searching directory [C:\Users\rrojas\IdeaProjects\somos2\abmEmpleados\abmEmpleadoApp\target\classes\ar\com\tecnosoftware\somos] for files matching pattern [C:/Users/rrojas/IdeaProjects/somos2/abmEmpleados/abmEmpleadoApp/target/classes/ar/com/tecnosoftware/somos/*.class]
15:36:24.041 [main] DEBUG org.springframework.core.io.support.PathMatchingResourcePatternResolver - Resolved location pattern [classpath*:ar/com/tecnosoftware/somos/*.class] to resources [file [C:\Users\rrojas\IdeaProjects\somos2\abmEmpleados\abmEmpleadoApp\target\test-classes\ar\com\tecnosoftware\somos\AbmEmpleadoAppApplicationTests.class], file [C:\Users\rrojas\IdeaProjects\somos2\abmEmpleados\abmEmpleadoApp\target\classes\ar\com\tecnosoftware\somos\SomosApplication.class]]
15:36:24.111 [main] DEBUG org.springframework.context.annotation.ClassPathScanningCandidateComponentProvider - Identified candidate component class: file [C:\Users\rrojas\IdeaProjects\somos2\abmEmpleados\abmEmpleadoApp\target\classes\ar\com\tecnosoftware\somos\SomosApplication.class]
15:36:24.112 [main] INFO org.springframework.boot.test.context.SpringBootTestContextBootstrapper - Found @SpringBootConfiguration ar.com.tecnosoftware.somos.SomosApplication for test class ar.com.tecnosoftware.somos.AbmEmpleadoAppApplicationTests
15:36:24.120 [main] DEBUG org.springframework.boot.test.context.SpringBootTestContextBootstrapper - @TestExecutionListeners is not present for class [ar.com.tecnosoftware.somos.AbmEmpleadoAppApplicationTests]: using defaults.
15:36:24.132 [main] INFO org.springframework.boot.test.context.SpringBootTestContextBootstrapper - Loaded default TestExecutionListener class names from location [META-INF/spring.factories]: [org.springframework.boot.test.mock.mockito.MockitoTestExecutionListener, org.springframework.boot.test.mock.mockito.ResetMocksTestExecutionListener, org.springframework.boot.test.autoconfigure.restdocs.RestDocsTestExecutionListener, org.springframework.boot.test.autoconfigure.web.client.MockRestServiceServerResetTestExecutionListener, org.springframework.boot.test.autoconfigure.web.servlet.MockMvcPrintOnlyOnFailureTestExecutionListener, org.springframework.boot.test.autoconfigure.web.servlet.WebDriverTestExecutionListener, org.springframework.test.context.web.ServletTestExecutionListener, org.springframework.test.context.support.DirtiesContextBeforeModesTestExecutionListener, org.springframework.test.context.support.DependencyInjectionTestExecutionListener, org.springframework.test.context.support.DirtiesContextTestExecutionListener, org.springframework.test.context.transaction.TransactionalTestExecutionListener, org.springframework.test.context.jdbc.SqlScriptsTestExecutionListener]
15:36:24.145 [main] INFO org.springframework.boot.test.context.SpringBootTestContextBootstrapper - Using TestExecutionListeners: [org.springframework.test.context.web.ServletTestExecutionListener@10b48321, org.springframework.test.context.support.DirtiesContextBeforeModesTestExecutionListener@6b67034, org.springframework.boot.test.mock.mockito.MockitoTestExecutionListener@16267862, org.springframework.boot.test.autoconfigure.SpringBootDependencyInjectionTestExecutionListener@453da22c, org.springframework.test.context.support.DirtiesContextTestExecutionListener@71248c21, org.springframework.test.context.transaction.TransactionalTestExecutionListener@442675e1, org.springframework.test.context.jdbc.SqlScriptsTestExecutionListener@6166e06f, org.springframework.boot.test.mock.mockito.ResetMocksTestExecutionListener@49e202ad, org.springframework.boot.test.autoconfigure.restdocs.RestDocsTestExecutionListener@1c72da34, org.springframework.boot.test.autoconfigure.web.client.MockRestServiceServerResetTestExecutionListener@6b0c2d26, org.springframework.boot.test.autoconfigure.web.servlet.MockMvcPrintOnlyOnFailureTestExecutionListener@3d3fcdb0, org.springframework.boot.test.autoconfigure.web.servlet.WebDriverTestExecutionListener@641147d0]
15:36:24.145 [main] DEBUG org.springframework.test.annotation.ProfileValueUtils - Retrieved @ProfileValueSourceConfiguration [null] for test class [ar.com.tecnosoftware.somos.AbmEmpleadoAppApplicationTests]
15:36:24.145 [main] DEBUG org.springframework.test.annotation.ProfileValueUtils - Retrieved ProfileValueSource type [class org.springframework.test.annotation.SystemProfileValueSource] for class [ar.com.tecnosoftware.somos.AbmEmpleadoAppApplicationTests]
15:36:24.160 [main] DEBUG org.springframework.test.context.junit4.SpringJUnit4ClassRunner - SpringJUnit4ClassRunner constructor called with [class ar.com.tecnosoftware.somos.AbmEmpleadoAppApplicationTests]
15:36:24.160 [main] DEBUG org.springframework.test.context.BootstrapUtils - Instantiating CacheAwareContextLoaderDelegate from class [org.springframework.test.context.cache.DefaultCacheAwareContextLoaderDelegate]
15:36:24.160 [main] DEBUG org.springframework.test.context.BootstrapUtils - Instantiating BootstrapContext using constructor [public org.springframework.test.context.support.DefaultBootstrapContext(java.lang.Class,org.springframework.test.context.CacheAwareContextLoaderDelegate)]
15:36:24.160 [main] DEBUG org.springframework.test.context.BootstrapUtils - Instantiating TestContextBootstrapper for test class [ar.com.tecnosoftware.somos.AbmEmpleadoAppApplicationTests] from class [org.springframework.boot.test.context.SpringBootTestContextBootstrapper]
15:36:24.160 [main] INFO org.springframework.boot.test.context.SpringBootTestContextBootstrapper - Neither @ContextConfiguration nor @ContextHierarchy found for test class [ar.com.tecnosoftware.somos.AbmEmpleadoAppApplicationTests], using SpringBootContextLoader
15:36:24.160 [main] DEBUG org.springframework.test.context.support.AbstractContextLoader - Did not detect default resource location for test class [ar.com.tecnosoftware.somos.AbmEmpleadoAppApplicationTests]: class path resource [ar/com/tecnosoftware/somos/AbmEmpleadoAppApplicationTests-context.xml] does not exist
15:36:24.160 [main] DEBUG org.springframework.test.context.support.AbstractContextLoader - Did not detect default resource location for test class [ar.com.tecnosoftware.somos.AbmEmpleadoAppApplicationTests]: class path resource [ar/com/tecnosoftware/somos/AbmEmpleadoAppApplicationTestsContext.groovy] does not exist
15:36:24.160 [main] INFO org.springframework.test.context.support.AbstractContextLoader - Could not detect default resource locations for test class [ar.com.tecnosoftware.somos.AbmEmpleadoAppApplicationTests]: no resource found for suffixes {-context.xml, Context.groovy}.
15:36:24.160 [main] INFO org.springframework.test.context.support.AnnotationConfigContextLoaderUtils - Could not detect default configuration classes for test class [ar.com.tecnosoftware.somos.AbmEmpleadoAppApplicationTests]: AbmEmpleadoAppApplicationTests does not declare any static, non-private, non-final, nested classes annotated with @Configuration.
15:36:24.160 [main] DEBUG org.springframework.test.context.support.ActiveProfilesUtils - Could not find an 'annotation declaring class' for annotation type [org.springframework.test.context.ActiveProfiles] and class [ar.com.tecnosoftware.somos.AbmEmpleadoAppApplicationTests]
15:36:24.160 [main] DEBUG org.springframework.core.env.StandardEnvironment - Adding PropertySource 'systemProperties' with lowest search precedence
15:36:24.160 [main] DEBUG org.springframework.core.env.StandardEnvironment - Adding PropertySource 'systemEnvironment' with lowest search precedence
15:36:24.160 [main] DEBUG org.springframework.core.env.StandardEnvironment - Initialized StandardEnvironment with PropertySources [MapPropertySource@1704064279 {name='systemProperties', properties={idea.version=2018.1.4, java.runtime.name=Java(TM) SE Runtime Environment, sun.boot.library.path=C:\Program Files\Java\jdk1.8.0_171\jre\bin, java.vm.version=25.171-b11, java.vm.vendor=Oracle Corporation, java.vendor.url=http://java.oracle.com/, path.separator=;, java.vm.name=Java HotSpot(TM) 64-Bit Server VM, file.encoding.pkg=sun.io, user.country=AR, user.script=, sun.java.launcher=SUN_STANDARD, sun.os.patch.level=, java.vm.specification.name=Java Virtual Machine Specification, user.dir=C:\Users\rrojas\IdeaProjects\somos2\abmEmpleados\abmEmpleadoApp, java.runtime.version=1.8.0_171-b11, basedir=C:\Users\rrojas\IdeaProjects\somos2\abmEmpleados\abmEmpleadoApp, java.awt.graphicsenv=sun.awt.Win32GraphicsEnvironment, java.endorsed.dirs=C:\Program Files\Java\jdk1.8.0_171\jre\lib\endorsed, os.arch=amd64, surefire.real.class.path=C:\Users\rrojas\IdeaProjects\somos2\abmEmpleados\abmEmpleadoApp\target\surefire\surefirebooter332474842607796283.jar, java.io.tmpdir=C:\Users\rrojas\AppData\Local\Temp\, line.separator=
, java.vm.specification.vendor=Oracle Corporation, user.variant=, os.name=Windows 10, sun.jnu.encoding=Cp1252, java.library.path=C:\Program Files\Java\jdk1.8.0_171\jre\bin;C:\Windows\Sun\Java\bin;C:\Windows\system32;C:\Windows;C:\Program Files (x86)\Common Files\Oracle\Java\javapath;C:\Windows\system32;C:\Windows;C:\Windows\System32\Wbem;C:\Windows\System32\WindowsPowerShell\v1.0\;C:\Program Files\TortoiseSVN\bin;C:\maven\apache-maven-3.5.4\bin;C:\Program Files\Java\jdk1.7.0_80\bin;C:\devel\Git\cmd;C:\devel\nodejs\;C:\Users\rrojas\AppData\Local\Microsoft\WindowsApps;C:\Users\rrojas\AppData\Roaming\npm;., surefire.test.class.path=C:\Users\rrojas\IdeaProjects\somos2\abmEmpleados\abmEmpleadoApp\target\test-classes;C:\Users\rrojas\IdeaProjects\somos2\abmEmpleados\abmEmpleadoApp\target\classes;C:\Users\rrojas\.m2\repository\repo\org\springframework\boot\spring-boot-starter-data-jpa\1.5.14.BUILD-SNAPSHOT\spring-boot-starter-data-jpa-1.5.14.BUILD-SNAPSHOT.jar;C:\Users\rrojas\.m2\repository\repo\org\springframework\boot\spring-boot-starter\1.5.14.BUILD-SNAPSHOT\spring-boot-starter-1.5.14.BUILD-SNAPSHOT.jar;C:\Users\rrojas\.m2\repository\repo\org\springframework\boot\spring-boot\1.5.14.BUILD-SNAPSHOT\spring-boot-1.5.14.BUILD-SNAPSHOT.jar;C:\Users\rrojas\.m2\repository\repo\org\springframework\boot\spring-boot-autoconfigure\1.5.14.BUILD-SNAPSHOT\spring-boot-autoconfigure-1.5.14.BUILD-SNAPSHOT.jar;C:\Users\rrojas\.m2\repository\repo\org\springframework\boot\spring-boot-starter-logging\1.5.14.BUILD-SNAPSHOT\spring-boot-starter-logging-1.5.14.BUILD-SNAPSHOT.jar;C:\Users\rrojas\.m2\repository\repo\ch\qos\logback\logback-classic\1.1.11\logback-classic-1.1.11.jar;C:\Users\rrojas\.m2\repository\repo\ch\qos\logback\logback-core\1.1.11\logback-core-1.1.11.jar;C:\Users\rrojas\.m2\repository\repo\org\slf4j\jul-to-slf4j\1.7.25\jul-to-slf4j-1.7.25.jar;C:\Users\rrojas\.m2\repository\repo\org\slf4j\log4j-over-slf4j\1.7.25\log4j-over-slf4j-1.7.25.jar;C:\Users\rrojas\.m2\repository\repo\org\yaml\snakeyaml\1.17\snakeyaml-1.17.jar;C:\Users\rrojas\.m2\repository\repo\org\springframework\boot\spring-boot-starter-aop\1.5.14.BUILD-SNAPSHOT\spring-boot-starter-aop-1.5.14.BUILD-SNAPSHOT.jar;C:\Users\rrojas\.m2\repository\repo\org\aspectj\aspectjweaver\1.8.13\aspectjweaver-1.8.13.jar;C:\Users\rrojas\.m2\repository\repo\org\springframework\boot\spring-boot-starter-jdbc\1.5.14.BUILD-SNAPSHOT\spring-boot-starter-jdbc-1.5.14.BUILD-SNAPSHOT.jar;C:\Users\rrojas\.m2\repository\repo\org\apache\tomcat\tomcat-jdbc\8.5.31\tomcat-jdbc-8.5.31.jar;C:\Users\rrojas\.m2\repository\repo\org\apache\tomcat\tomcat-juli\8.5.31\tomcat-juli-8.5.31.jar;C:\Users\rrojas\.m2\repository\repo\org\springframework\spring-jdbc\4.3.18.RELEASE\spring-jdbc-4.3.18.RELEASE.jar;C:\Users\rrojas\.m2\repository\repo\org\hibernate\hibernate-core\5.0.12.Final\hibernate-core-5.0.12.Final.jar;C:\Users\rrojas\.m2\repository\repo\org\jboss\logging\jboss-logging\3.3.2.Final\jboss-logging-3.3.2.Final.jar;C:\Users\rrojas\.m2\repository\repo\org\hibernate\javax\persistence\hibernate-jpa-2.1-api\1.0.0.Final\hibernate-jpa-2.1-api-1.0.0.Final.jar;C:\Users\rrojas\.m2\repository\repo\org\javassist\javassist\3.21.0-GA\javassist-3.21.0-GA.jar;C:\Users\rrojas\.m2\repository\repo\antlr\antlr\2.7.7\antlr-2.7.7.jar;C:\Users\rrojas\.m2\repository\repo\org\jboss\jandex\2.0.0.Final\jandex-2.0.0.Final.jar;C:\Users\rrojas\.m2\repository\repo\dom4j\dom4j\1.6.1\dom4j-1.6.1.jar;C:\Users\rrojas\.m2\repository\repo\org\hibernate\common\hibernate-commons-annotations\5.0.1.Final\hibernate-commons-annotations-5.0.1.Final.jar;C:\Users\rrojas\.m2\repository\repo\org\hibernate\hibernate-entitymanager\5.0.12.Final\hibernate-entitymanager-5.0.12.Final.jar;C:\Users\rrojas\.m2\repository\repo\javax\transaction\javax.transaction-api\1.2\javax.transaction-api-1.2.jar;C:\Users\rrojas\.m2\repository\repo\org\springframework\data\spring-data-jpa\1.11.13.RELEASE\spring-data-jpa-1.11.13.RELEASE.jar;C:\Users\rrojas\.m2\repository\repo\org\springframework\data\spring-data-commons\1.13.13.RELEASE\spring-data-commons-1.13.13.RELEASE.jar;C:\Users\rrojas\.m2\repository\repo\org\springframework\spring-orm\4.3.18.RELEASE\spring-orm-4.3.18.RELEASE.jar;C:\Users\rrojas\.m2\repository\repo\org\springframework\spring-context\4.3.18.RELEASE\spring-context-4.3.18.RELEASE.jar;C:\Users\rrojas\.m2\repository\repo\org\springframework\spring-tx\4.3.18.RELEASE\spring-tx-4.3.18.RELEASE.jar;C:\Users\rrojas\.m2\repository\repo\org\springframework\spring-beans\4.3.18.RELEASE\spring-beans-4.3.18.RELEASE.jar;C:\Users\rrojas\.m2\repository\repo\org\slf4j\slf4j-api\1.7.25\slf4j-api-1.7.25.jar;C:\Users\rrojas\.m2\repository\repo\org\slf4j\jcl-over-slf4j\1.7.25\jcl-over-slf4j-1.7.25.jar;C:\Users\rrojas\.m2\repository\repo\org\springframework\spring-aspects\4.3.18.RELEASE\spring-aspects-4.3.18.RELEASE.jar;C:\Users\rrojas\.m2\repository\repo\org\springframework\boot\spring-boot-starter-web\1.5.14.BUILD-SNAPSHOT\spring-boot-starter-web-1.5.14.BUILD-SNAPSHOT.jar;C:\Users\rrojas\.m2\repository\repo\org\springframework\boot\spring-boot-starter-tomcat\1.5.14.BUILD-SNAPSHOT\spring-boot-starter-tomcat-1.5.14.BUILD-SNAPSHOT.jar;C:\Users\rrojas\.m2\repository\repo\org\apache\tomcat\embed\tomcat-embed-core\8.5.31\tomcat-embed-core-8.5.31.jar;C:\Users\rrojas\.m2\repository\repo\org\apache\tomcat\tomcat-annotations-api\8.5.31\tomcat-annotations-api-8.5.31.jar;C:\Users\rrojas\.m2\repository\repo\org\apache\tomcat\embed\tomcat-embed-el\8.5.31\tomcat-embed-el-8.5.31.jar;C:\Users\rrojas\.m2\repository\repo\org\apache\tomcat\embed\tomcat-embed-websocket\8.5.31\tomcat-embed-websocket-8.5.31.jar;C:\Users\rrojas\.m2\repository\repo\org\hibernate\hibernate-validator\5.3.6.Final\hibernate-validator-5.3.6.Final.jar;C:\Users\rrojas\.m2\repository\repo\javax\validation\validation-api\1.1.0.Final\validation-api-1.1.0.Final.jar;C:\Users\rrojas\.m2\repository\repo\com\fasterxml\classmate\1.3.4\classmate-1.3.4.jar;C:\Users\rrojas\.m2\repository\repo\com\fasterxml\jackson\core\jackson-databind\2.8.11.2\jackson-databind-2.8.11.2.jar;C:\Users\rrojas\.m2\repository\repo\com\fasterxml\jackson\core\jackson-annotations\2.8.0\jackson-annotations-2.8.0.jar;C:\Users\rrojas\.m2\repository\repo\com\fasterxml\jackson\core\jackson-core\2.8.11\jackson-core-2.8.11.jar;C:\Users\rrojas\.m2\repository\repo\org\springframework\spring-web\4.3.18.RELEASE\spring-web-4.3.18.RELEASE.jar;C:\Users\rrojas\.m2\repository\repo\org\springframework\spring-webmvc\4.3.18.RELEASE\spring-webmvc-4.3.18.RELEASE.jar;C:\Users\rrojas\.m2\repository\repo\org\springframework\spring-expression\4.3.18.RELEASE\spring-expression-4.3.18.RELEASE.jar;C:\Users\rrojas\.m2\repository\repo\com\h2database\h2\1.4.197\h2-1.4.197.jar;C:\Users\rrojas\.m2\repository\repo\org\springframework\boot\spring-boot-starter-test\1.5.14.BUILD-SNAPSHOT\spring-boot-starter-test-1.5.14.BUILD-SNAPSHOT.jar;C:\Users\rrojas\.m2\repository\repo\org\springframework\boot\spring-boot-test\1.5.14.BUILD-SNAPSHOT\spring-boot-test-1.5.14.BUILD-SNAPSHOT.jar;C:\Users\rrojas\.m2\repository\repo\org\springframework\boot\spring-boot-test-autoconfigure\1.5.14.BUILD-SNAPSHOT\spring-boot-test-autoconfigure-1.5.14.BUILD-SNAPSHOT.jar;C:\Users\rrojas\.m2\repository\repo\com\jayway\jsonpath\json-path\2.2.0\json-path-2.2.0.jar;C:\Users\rrojas\.m2\repository\repo\net\minidev\json-smart\2.2.1\json-smart-2.2.1.jar;C:\Users\rrojas\.m2\repository\repo\net\minidev\accessors-smart\1.1\accessors-smart-1.1.jar;C:\Users\rrojas\.m2\repository\repo\org\ow2\asm\asm\5.0.3\asm-5.0.3.jar;C:\Users\rrojas\.m2\repository\repo\junit\junit\4.12\junit-4.12.jar;C:\Users\rrojas\.m2\repository\repo\org\assertj\assertj-core\2.6.0\assertj-core-2.6.0.jar;C:\Users\rrojas\.m2\repository\repo\org\mockito\mockito-core\1.10.19\mockito-core-1.10.19.jar;C:\Users\rrojas\.m2\repository\repo\org\objenesis\objenesis\2.1\objenesis-2.1.jar;C:\Users\rrojas\.m2\repository\repo\org\hamcrest\hamcrest-core\1.3\hamcrest-core-1.3.jar;C:\Users\rrojas\.m2\repository\repo\org\hamcrest\hamcrest-library\1.3\hamcrest-library-1.3.jar;C:\Users\rrojas\.m2\repository\repo\org\skyscreamer\jsonassert\1.4.0\jsonassert-1.4.0.jar;C:\Users\rrojas\.m2\repository\repo\com\vaadin\external\google\android-json\0.0.20131108.vaadin1\android-json-0.0.20131108.vaadin1.jar;C:\Users\rrojas\.m2\repository\repo\org\springframework\spring-core\4.3.18.RELEASE\spring-core-4.3.18.RELEASE.jar;C:\Users\rrojas\.m2\repository\repo\org\springframework\spring-test\4.3.18.RELEASE\spring-test-4.3.18.RELEASE.jar;C:\Users\rrojas\.m2\repository\repo\org\springframework\boot\spring-boot-starter-security\1.5.14.BUILD-SNAPSHOT\spring-boot-starter-security-1.5.14.BUILD-SNAPSHOT.jar;C:\Users\rrojas\.m2\repository\repo\org\springframework\spring-aop\4.3.18.RELEASE\spring-aop-4.3.18.RELEASE.jar;C:\Users\rrojas\.m2\repository\repo\org\springframework\security\spring-security-config\4.2.7.RELEASE\spring-security-config-4.2.7.RELEASE.jar;C:\Users\rrojas\.m2\repository\repo\org\springframework\security\spring-security-core\4.2.7.RELEASE\spring-security-core-4.2.7.RELEASE.jar;C:\Users\rrojas\.m2\repository\repo\org\springframework\security\spring-security-web\4.2.7.RELEASE\spring-security-web-4.2.7.RELEASE.jar;C:\Users\rrojas\.m2\repository\repo\mysql\mysql-connector-java\5.1.46\mysql-connector-java-5.1.46.jar;, java.specification.name=Java Platform API Specification, java.class.version=52.0, sun.management.compiler=HotSpot 64-Bit Tiered Compilers, maven.repo.local=C:\Users\rrojas\.m2\repository\repo, os.version=10.0, user.home=C:\Users\rrojas, user.timezone=America/Buenos_Aires, java.awt.printerjob=sun.awt.windows.WPrinterJob, file.encoding=Cp1252, java.specification.version=1.8, java.class.path=C:\Users\rrojas\IdeaProjects\somos2\abmEmpleados\abmEmpleadoApp\target\test-classes;C:\Users\rrojas\IdeaProjects\somos2\abmEmpleados\abmEmpleadoApp\target\classes;C:\Users\rrojas\.m2\repository\repo\org\springframework\boot\spring-boot-starter-data-jpa\1.5.14.BUILD-SNAPSHOT\spring-boot-starter-data-jpa-1.5.14.BUILD-SNAPSHOT.jar;C:\Users\rrojas\.m2\repository\repo\org\springframework\boot\spring-boot-starter\1.5.14.BUILD-SNAPSHOT\spring-boot-starter-1.5.14.BUILD-SNAPSHOT.jar;C:\Users\rrojas\.m2\repository\repo\org\springframework\boot\spring-boot\1.5.14.BUILD-SNAPSHOT\spring-boot-1.5.14.BUILD-SNAPSHOT.jar;C:\Users\rrojas\.m2\repository\repo\org\springframework\boot\spring-boot-autoconfigure\1.5.14.BUILD-SNAPSHOT\spring-boot-autoconfigure-1.5.14.BUILD-SNAPSHOT.jar;C:\Users\rrojas\.m2\repository\repo\org\springframework\boot\spring-boot-starter-logging\1.5.14.BUILD-SNAPSHOT\spring-boot-starter-logging-1.5.14.BUILD-SNAPSHOT.jar;C:\Users\rrojas\.m2\repository\repo\ch\qos\logback\logback-classic\1.1.11\logback-classic-1.1.11.jar;C:\Users\rrojas\.m2\repository\repo\ch\qos\logback\logback-core\1.1.11\logback-core-1.1.11.jar;C:\Users\rrojas\.m2\repository\repo\org\slf4j\jul-to-slf4j\1.7.25\jul-to-slf4j-1.7.25.jar;C:\Users\rrojas\.m2\repository\repo\org\slf4j\log4j-over-slf4j\1.7.25\log4j-over-slf4j-1.7.25.jar;C:\Users\rrojas\.m2\repository\repo\org\yaml\snakeyaml\1.17\snakeyaml-1.17.jar;C:\Users\rrojas\.m2\repository\repo\org\springframework\boot\spring-boot-starter-aop\1.5.14.BUILD-SNAPSHOT\spring-boot-starter-aop-1.5.14.BUILD-SNAPSHOT.jar;C:\Users\rrojas\.m2\repository\repo\org\aspectj\aspectjweaver\1.8.13\aspectjweaver-1.8.13.jar;C:\Users\rrojas\.m2\repository\repo\org\springframework\boot\spring-boot-starter-jdbc\1.5.14.BUILD-SNAPSHOT\spring-boot-starter-jdbc-1.5.14.BUILD-SNAPSHOT.jar;C:\Users\rrojas\.m2\repository\repo\org\apache\tomcat\tomcat-jdbc\8.5.31\tomcat-jdbc-8.5.31.jar;C:\Users\rrojas\.m2\repository\repo\org\apache\tomcat\tomcat-juli\8.5.31\tomcat-juli-8.5.31.jar;C:\Users\rrojas\.m2\repository\repo\org\springframework\spring-jdbc\4.3.18.RELEASE\spring-jdbc-4.3.18.RELEASE.jar;C:\Users\rrojas\.m2\repository\repo\org\hibernate\hibernate-core\5.0.12.Final\hibernate-core-5.0.12.Final.jar;C:\Users\rrojas\.m2\repository\repo\org\jboss\logging\jboss-logging\3.3.2.Final\jboss-logging-3.3.2.Final.jar;C:\Users\rrojas\.m2\repository\repo\org\hibernate\javax\persistence\hibernate-jpa-2.1-api\1.0.0.Final\hibernate-jpa-2.1-api-1.0.0.Final.jar;C:\Users\rrojas\.m2\repository\repo\org\javassist\javassist\3.21.0-GA\javassist-3.21.0-GA.jar;C:\Users\rrojas\.m2\repository\repo\antlr\antlr\2.7.7\antlr-2.7.7.jar;C:\Users\rrojas\.m2\repository\repo\org\jboss\jandex\2.0.0.Final\jandex-2.0.0.Final.jar;C:\Users\rrojas\.m2\repository\repo\dom4j\dom4j\1.6.1\dom4j-1.6.1.jar;C:\Users\rrojas\.m2\repository\repo\org\hibernate\common\hibernate-commons-annotations\5.0.1.Final\hibernate-commons-annotations-5.0.1.Final.jar;C:\Users\rrojas\.m2\repository\repo\org\hibernate\hibernate-entitymanager\5.0.12.Final\hibernate-entitymanager-5.0.12.Final.jar;C:\Users\rrojas\.m2\repository\repo\javax\transaction\javax.transaction-api\1.2\javax.transaction-api-1.2.jar;C:\Users\rrojas\.m2\repository\repo\org\springframework\data\spring-data-jpa\1.11.13.RELEASE\spring-data-jpa-1.11.13.RELEASE.jar;C:\Users\rrojas\.m2\repository\repo\org\springframework\data\spring-data-commons\1.13.13.RELEASE\spring-data-commons-1.13.13.RELEASE.jar;C:\Users\rrojas\.m2\repository\repo\org\springframework\spring-orm\4.3.18.RELEASE\spring-orm-4.3.18.RELEASE.jar;C:\Users\rrojas\.m2\repository\repo\org\springframework\spring-context\4.3.18.RELEASE\spring-context-4.3.18.RELEASE.jar;C:\Users\rrojas\.m2\repository\repo\org\springframework\spring-tx\4.3.18.RELEASE\spring-tx-4.3.18.RELEASE.jar;C:\Users\rrojas\.m2\repository\repo\org\springframework\spring-beans\4.3.18.RELEASE\spring-beans-4.3.18.RELEASE.jar;C:\Users\rrojas\.m2\repository\repo\org\slf4j\slf4j-api\1.7.25\slf4j-api-1.7.25.jar;C:\Users\rrojas\.m2\repository\repo\org\slf4j\jcl-over-slf4j\1.7.25\jcl-over-slf4j-1.7.25.jar;C:\Users\rrojas\.m2\repository\repo\org\springframework\spring-aspects\4.3.18.RELEASE\spring-aspects-4.3.18.RELEASE.jar;C:\Users\rrojas\.m2\repository\repo\org\springframework\boot\spring-boot-starter-web\1.5.14.BUILD-SNAPSHOT\spring-boot-starter-web-1.5.14.BUILD-SNAPSHOT.jar;C:\Users\rrojas\.m2\repository\repo\org\springframework\boot\spring-boot-starter-tomcat\1.5.14.BUILD-SNAPSHOT\spring-boot-starter-tomcat-1.5.14.BUILD-SNAPSHOT.jar;C:\Users\rrojas\.m2\repository\repo\org\apache\tomcat\embed\tomcat-embed-core\8.5.31\tomcat-embed-core-8.5.31.jar;C:\Users\rrojas\.m2\repository\repo\org\apache\tomcat\tomcat-annotations-api\8.5.31\tomcat-annotations-api-8.5.31.jar;C:\Users\rrojas\.m2\repository\repo\org\apache\tomcat\embed\tomcat-embed-el\8.5.31\tomcat-embed-el-8.5.31.jar;C:\Users\rrojas\.m2\repository\repo\org\apache\tomcat\embed\tomcat-embed-websocket\8.5.31\tomcat-embed-websocket-8.5.31.jar;C:\Users\rrojas\.m2\repository\repo\org\hibernate\hibernate-validator\5.3.6.Final\hibernate-validator-5.3.6.Final.jar;C:\Users\rrojas\.m2\repository\repo\javax\validation\validation-api\1.1.0.Final\validation-api-1.1.0.Final.jar;C:\Users\rrojas\.m2\repository\repo\com\fasterxml\classmate\1.3.4\classmate-1.3.4.jar;C:\Users\rrojas\.m2\repository\repo\com\fasterxml\jackson\core\jackson-databind\2.8.11.2\jackson-databind-2.8.11.2.jar;C:\Users\rrojas\.m2\repository\repo\com\fasterxml\jackson\core\jackson-annotations\2.8.0\jackson-annotations-2.8.0.jar;C:\Users\rrojas\.m2\repository\repo\com\fasterxml\jackson\core\jackson-core\2.8.11\jackson-core-2.8.11.jar;C:\Users\rrojas\.m2\repository\repo\org\springframework\spring-web\4.3.18.RELEASE\spring-web-4.3.18.RELEASE.jar;C:\Users\rrojas\.m2\repository\repo\org\springframework\spring-webmvc\4.3.18.RELEASE\spring-webmvc-4.3.18.RELEASE.jar;C:\Users\rrojas\.m2\repository\repo\org\springframework\spring-expression\4.3.18.RELEASE\spring-expression-4.3.18.RELEASE.jar;C:\Users\rrojas\.m2\repository\repo\com\h2database\h2\1.4.197\h2-1.4.197.jar;C:\Users\rrojas\.m2\repository\repo\org\springframework\boot\spring-boot-starter-test\1.5.14.BUILD-SNAPSHO
[...]
	at org.springframework.orm.jpa.vendor.SpringHibernateJpaPersistenceProvider.createContainerEntityManagerFactory(SpringHibernateJpaPersistenceProvider.java:60) ~[spring-orm-4.3.18.RELEASE.jar:4.3.18.RELEASE]
	at org.springframework.orm.jpa.LocalContainerEntityManagerFactoryBean.createNativeEntityManagerFactory(LocalContainerEntityManagerFactoryBean.java:360) ~[spring-orm-4.3.18.RELEASE.jar:4.3.18.RELEASE]
	at org.springframework.orm.jpa.AbstractEntityManagerFactoryBean.buildNativeEntityManagerFactory(AbstractEntityManagerFactoryBean.java:384) ~[spring-orm-4.3.18.RELEASE.jar:4.3.18.RELEASE]
	... 45 common frames omitted
Caused by: java.sql.SQLException: Access denied for user 'root'@'localhost' (using password: YES)
	at com.mysql.jdbc.SQLError.createSQLException(SQLError.java:965) ~[mysql-connector-java-5.1.46.jar:5.1.46]
	at com.mysql.jdbc.MysqlIO.checkErrorPacket(MysqlIO.java:3976) ~[mysql-connector-java-5.1.46.jar:5.1.46]
	at com.mysql.jdbc.MysqlIO.checkErrorPacket(MysqlIO.java:3912) ~[mysql-connector-java-5.1.46.jar:5.1.46]
	at com.mysql.jdbc.MysqlIO.checkErrorPacket(MysqlIO.java:871) ~[mysql-connector-java-5.1.46.jar:5.1.46]
	at com.mysql.jdbc.MysqlIO.proceedHandshakeWithPluggableAuthentication(MysqlIO.java:1714) ~[mysql-connector-java-5.1.46.jar:5.1.46]
	at com.mysql.jdbc.MysqlIO.doHandshake(MysqlIO.java:1224) ~[mysql-connector-java-5.1.46.jar:5.1.46]
	at com.mysql.jdbc.ConnectionImpl.coreConnect(ConnectionImpl.java:2190) ~[mysql-connector-java-5.1.46.jar:5.1.46]
	at com.mysql.jdbc.ConnectionImpl.connectOneTryOnly(ConnectionImpl.java:2221) ~[mysql-connector-java-5.1.46.jar:5.1.46]
	at com.mysql.jdbc.ConnectionImpl.createNewIO(ConnectionImpl.java:2016) ~[mysql-connector-java-5.1.46.jar:5.1.46]
	at com.mysql.jdbc.ConnectionImpl.<init>(ConnectionImpl.java:776) ~[mysql-connector-java-5.1.46.jar:5.1.46]
	at com.mysql.jdbc.JDBC4Connection.<init>(JDBC4Connection.java:47) ~[mysql-connector-java-5.1.46.jar:5.1.46]
	at sun.reflect.NativeConstructorAccessorImpl.newInstance0(Native Method) ~[na:1.8.0_171]
	at sun.reflect.NativeConstructorAccessorImpl.newInstance(NativeConstructorAccessorImpl.java:62) ~[na:1.8.0_171]
	at sun.reflect.DelegatingConstructorAccessorImpl.newInstance(DelegatingConstructorAccessorImpl.java:45) ~[na:1.8.0_171]
	at java.lang.reflect.Constructor.newInstance(Constructor.java:423) ~[na:1.8.0_171]
	at com.mysql.jdbc.Util.handleNewInstance(Util.java:425) ~[mysql-connector-java-5.1.46.jar:5.1.46]
	at com.mysql.jdbc.ConnectionImpl.getInstance(ConnectionImpl.java:386) ~[mysql-connector-java-5.1.46.jar:5.1.46]
	at com.mysql.jdbc.NonRegisteringDriver.connect(NonRegisteringDriver.java:330) ~[mysql-connector-java-5.1.46.jar:5.1.46]
	at org.apache.tomcat.jdbc.pool.PooledConnection.connectUsingDriver(PooledConnection.java:319) ~[tomcat-jdbc-8.5.31.jar:na]
	at org.apache.tomcat.jdbc.pool.PooledConnection.connect(PooledConnection.java:212) ~[tomcat-jdbc-8.5.31.jar:na]
	at org.apache.tomcat.jdbc.pool.ConnectionPool.createConnection(ConnectionPool.java:736) ~[tomcat-jdbc-8.5.31.jar:na]
	at org.apache.tomcat.jdbc.pool.ConnectionPool.borrowConnection(ConnectionPool.java:668) ~[tomcat-jdbc-8.5.31.jar:na]
	at org.apache.tomcat.jdbc.pool.ConnectionPool.init(ConnectionPool.java:483) ~[tomcat-jdbc-8.5.31.jar:na]
	at org.apache.tomcat.jdbc.pool.ConnectionPool.<init>(ConnectionPool.java:154) ~[tomcat-jdbc-8.5.31.jar:na]
	at org.apache.tomcat.jdbc.pool.DataSourceProxy.pCreatePool(DataSourceProxy.java:118) ~[tomcat-jdbc-8.5.31.jar:na]
	at org.apache.tomcat.jdbc.pool.DataSourceProxy.createPool(DataSourceProxy.java:107) ~[tomcat-jdbc-8.5.31.jar:na]
	at org.apache.tomcat.jdbc.pool.DataSourceProxy.getConnection(DataSourceProxy.java:131) ~[tomcat-jdbc-8.5.31.jar:na]
	at org.hibernate.engine.jdbc.connections.internal.DatasourceConnectionProviderImpl.getConnection(DatasourceConnectionProviderImpl.java:122) ~[hibernate-core-5.0.12.Final.jar:5.0.12.Final]
	at org.hibernate.engine.jdbc.env.internal.JdbcEnvironmentInitiator$ConnectionProviderJdbcConnectionAccess.obtainConnection(JdbcEnvironmentInitiator.java:180) ~[hibernate-core-5.0.12.Final.jar:5.0.12.Final]
	at org.hibernate.tool.schema.internal.TargetDatabaseImpl.prepare(TargetDatabaseImpl.java:38) ~[hibernate-core-5.0.12.Final.jar:5.0.12.Final]
	... 54 common frames omitted

2018-08-01 15:36:28.696 ERROR 10664 --- [           main] o.s.test.context.TestContextManager      : Caught exception while allowing TestExecutionListener [org.springframework.test.context.web.ServletTestExecutionListener@2ea6137] to prepare test instance [ar.com.tecnosoftware.somos.AbmEmpleadoAppApplicationTests@49fdbe2b]

java.lang.IllegalStateException: Failed to load ApplicationContext
	at org.springframework.test.context.cache.DefaultCacheAwareContextLoaderDelegate.loadContext(DefaultCacheAwareContextLoaderDelegate.java:124) ~[spring-test-4.3.18.RELEASE.jar:4.3.18.RELEASE]
	at org.springframework.test.context.support.DefaultTestContext.getApplicationContext(DefaultTestContext.java:83) ~[spring-test-4.3.18.RELEASE.jar:4.3.18.RELEASE]
	at org.springframework.test.context.web.ServletTestExecutionListener.setUpRequestContextIfNecessary(ServletTestExecutionListener.java:189) ~[spring-test-4.3.18.RELEASE.jar:4.3.18.RELEASE]
	at org.springframework.test.context.web.ServletTestExecutionListener.prepareTestInstance(ServletTestExecutionListener.java:131) ~[spring-test-4.3.18.RELEASE.jar:4.3.18.RELEASE]
	at org.springframework.test.context.TestContextManager.prepareTestInstance(TestContextManager.java:230) ~[spring-test-4.3.18.RELEASE.jar:4.3.18.RELEASE]
	at org.springframework.test.context.junit4.SpringJUnit4ClassRunner.createTest(SpringJUnit4ClassRunner.java:228) [spring-test-4.3.18.RELEASE.jar:4.3.18.RELEASE]
	at org.springframework.test.context.junit4.SpringJUnit4ClassRunner$1.runReflectiveCall(SpringJUnit4ClassRunner.java:287) [spring-test-4.3.18.RELEASE.jar:4.3.18.RELEASE]
	at org.junit.internal.runners.model.ReflectiveCallable.run(ReflectiveCallable.java:12) [junit-4.12.jar:4.12]
	at org.springframework.test.context.junit4.SpringJUnit4ClassRunner.methodBlock(SpringJUnit4ClassRunner.java:289) [spring-test-4.3.18.RELEASE.jar:4.3.18.RELEASE]
	at org.springframework.test.context.junit4.SpringJUnit4ClassRunner.runChild(SpringJUnit4ClassRunner.java:247) [spring-test-4.3.18.RELEASE.jar:4.3.18.RELEASE]
	at org.springframework.test.context.junit4.SpringJUnit4ClassRunner.runChild(SpringJUnit4ClassRunner.java:94) [spring-test-4.3.18.RELEASE.jar:4.3.18.RELEASE]
	at org.junit.runners.ParentRunner$3.run(ParentRunner.java:290) [junit-4.12.jar:4.12]
	at org.junit.runners.ParentRunner$1.schedule(ParentRunner.java:71) [junit-4.12.jar:4.12]
	at org.junit.runners.ParentRunner.runChildren(ParentRunner.java:288) [junit-4.12.jar:4.12]
	at org.junit.runners.ParentRunner.access$000(ParentRunner.java:58) [junit-4.12.jar:4.12]
	at org.junit.runners.ParentRunner$2.evaluate(ParentRunner.java:268) [junit-4.12.jar:4.12]
	at org.springframework.test.context.junit4.statements.RunBeforeTestClassCallbacks.evaluate(RunBeforeTestClassCallbacks.java:61) [spring-test-4.3.18.RELEASE.jar:4.3.18.RELEASE]
	at org.springframework.test.context.junit4.statements.RunAfterTestClassCallbacks.evaluate(RunAfterTestClassCallbacks.java:70) [spring-test-4.3.18.RELEASE.jar:4.3.18.RELEASE]
	at org.junit.runners.ParentRunner.run(ParentRunner.java:363) [junit-4.12.jar:4.12]
	at org.springframework.test.context.junit4.SpringJUnit4ClassRunner.run(SpringJUnit4ClassRunner.java:191) [spring-test-4.3.18.RELEASE.jar:4.3.18.RELEASE]
	at org.apache.maven.surefire.junit4.JUnit4Provider.execute(JUnit4Provider.java:283) [surefire-junit4-2.18.1.jar:2.18.1]
	at org.apache.maven.surefire.junit4.JUnit4Provider.executeWithRerun(JUnit4Provider.java:173) [surefire-junit4-2.18.1.jar:2.18.1]
	at org.apache.maven.surefire.junit4.JUnit4Provider.executeTestSet(JUnit4Provider.java:153) [surefire-junit4-2.18.1.jar:2.18.1]
	at org.apache.maven.surefire.junit4.JUnit4Provider.invoke(JUnit4Provider.java:128) [surefire-junit4-2.18.1.jar:2.18.1]
	at org.apache.maven.surefire.booter.ForkedBooter.invokeProviderInSameClassLoader(ForkedBooter.java:203) [surefire-booter-2.18.1.jar:2.18.1]
	at org.apache.maven.surefire.booter.ForkedBooter.runSuitesInProcess(ForkedBooter.java:155) [surefire-booter-2.18.1.jar:2.18.1]
	at org.apache.maven.surefire.booter.ForkedBooter.main(ForkedBooter.java:103) [surefire-booter-2.18.1.jar:2.18.1]
Caused by: org.springframework.beans.factory.BeanCreationException: Error creating bean with name 'entityManagerFactory' defined in class path resource [org/springframework/boot/autoconfigure/orm/jpa/HibernateJpaAutoConfiguration.class]: Invocation of init method failed; nested exception is javax.persistence.PersistenceException: [PersistenceUnit: default] Unable to build Hibernate SessionFactory; nested exception is org.hibernate.tool.schema.spi.SchemaManagementException: Unable to open JDBC connection for schema management target
	at org.springframework.beans.factory.support.AbstractAutowireCapableBeanFactory.initializeBean(AbstractAutowireCapableBeanFactory.java:1634) ~[spring-beans-4.3.18.RELEASE.jar:4.3.18.RELEASE]
	at org.springframework.beans.factory.support.AbstractAutowireCapableBeanFactory.doCreateBean(AbstractAutowireCapableBeanFactory.java:555) ~[spring-beans-4.3.18.RELEASE.jar:4.3.18.RELEASE]
	at org.springframework.beans.factory.support.AbstractAutowireCapableBeanFactory.createBean(AbstractAutowireCapableBeanFactory.java:483) ~[spring-beans-4.3.18.RELEASE.jar:4.3.18.RELEASE]
	at org.springframework.beans.factory.support.AbstractBeanFactory$1.getObject(AbstractBeanFactory.java:312) ~[spring-beans-4.3.18.RELEASE.jar:4.3.18.RELEASE]
	at org.springframework.beans.factory.support.DefaultSingletonBeanRegistry.getSingleton(DefaultSingletonBeanRegistry.java:230) ~[spring-beans-4.3.18.RELEASE.jar:4.3.18.RELEASE]
	at org.springframework.beans.factory.support.AbstractBeanFactory.doGetBean(AbstractBeanFactory.java:308) ~[spring-beans-4.3.18.RELEASE.jar:4.3.18.RELEASE]
	at org.springframework.beans.factory.support.AbstractBeanFactory.getBean(AbstractBeanFactory.java:197) ~[spring-beans-4.3.18.RELEASE.jar:4.3.18.RELEASE]
	at org.springframework.context.support.AbstractApplicationContext.getBean(AbstractApplicationContext.java:1080) ~[spring-context-4.3.18.RELEASE.jar:4.3.18.RELEASE]
	at org.springframework.context.support.AbstractApplicationContext.finishBeanFactoryInitialization(AbstractApplicationContext.java:857) ~[spring-context-4.3.18.RELEASE.jar:4.3.18.RELEASE]
	at org.springframework.context.support.AbstractApplicationContext.refresh(AbstractApplicationContext.java:543) ~[spring-context-4.3.18.RELEASE.jar:4.3.18.RELEASE]
	at org.springframework.boot.SpringApplication.refresh(SpringApplication.java:693) ~[spring-boot-1.5.14.BUILD-SNAPSHOT.jar:1.5.14.BUILD-SNAPSHOT]
	at org.springframework.boot.SpringApplication.refreshContext(SpringApplication.java:360) ~[spring-boot-1.5.14.BUILD-SNAPSHOT.jar:1.5.14.BUILD-SNAPSHOT]
	at org.springframework.boot.SpringApplication.run(SpringApplication.java:303) ~[spring-boot-1.5.14.BUILD-SNAPSHOT.jar:1.5.14.BUILD-SNAPSHOT]
	at org.springframework.boot.test.context.SpringBootContextLoader.loadContext(SpringBootContextLoader.java:121) ~[spring-boot-test-1.5.14.BUILD-SNAPSHOT.jar:1.5.14.BUILD-SNAPSHOT]
	at org.springframework.test.context.cache.DefaultCacheAwareContextLoaderDelegate.loadContextInternal(DefaultCacheAwareContextLoaderDelegate.java:98) ~[spring-test-4.3.18.RELEASE.jar:4.3.18.RELEASE]
	at org.springframework.test.context.cache.DefaultCacheAwareContextLoaderDelegate.loadContext(DefaultCacheAwareContextLoaderDelegate.java:116) ~[spring-test-4.3.18.RELEASE.jar:4.3.18.RELEASE]
	... 26 common frames omitted
Caused by: javax.persistence.PersistenceException: [PersistenceUnit: default] Unable to build Hibernate SessionFactory; nested exception is org.hibernate.tool.schema.spi.SchemaManagementException: Unable to open JDBC connection for schema management target
	at org.springframework.orm.jpa.AbstractEntityManagerFactoryBean.buildNativeEntityManagerFactory(AbstractEntityManagerFactoryBean.java:396) ~[spring-orm-4.3.18.RELEASE.jar:4.3.18.RELEASE]
	at org.springframework.orm.jpa.AbstractEntityManagerFactoryBean.afterPropertiesSet(AbstractEntityManagerFactoryBean.java:371) ~[spring-orm-4.3.18.RELEASE.jar:4.3.18.RELEASE]
	at org.springframework.orm.jpa.LocalContainerEntityManagerFactoryBean.afterPropertiesSet(LocalContainerEntityManagerFactoryBean.java:336) ~[spring-orm-4.3.18.RELEASE.jar:4.3.18.RELEASE]
	at org.springframework.beans.factory.support.AbstractAutowireCapableBeanFactory.invokeInitMethods(AbstractAutowireCapableBeanFactory.java:1692) ~[spring-beans-4.3.18.RELEASE.jar:4.3.18.RELEASE]
	at org.springframework.beans.factory.support.AbstractAutowireCapableBeanFactory.initializeBean(AbstractAutowireCapableBeanFactory.java:1630) ~[spring-beans-4.3.18.RELEASE.jar:4.3.18.RELEASE]
	... 41 common frames omitted
Caused by: org.hibernate.tool.schema.spi.SchemaManagementException: Unable to open JDBC connection for schema management target
	at org.hibernate.tool.schema.internal.TargetDatabaseImpl.prepare(TargetDatabaseImpl.java:42) ~[hibernate-core-5.0.12.Final.jar:5.0.12.Final]
	at org.hibernate.tool.schema.internal.SchemaMigratorImpl.doMigration(SchemaMigratorImpl.java:57) ~[hibernate-core-5.0.12.Final.jar:5.0.12.Final]
	at org.hibernate.tool.hbm2ddl.SchemaUpdate.execute(SchemaUpdate.java:134) ~[hibernate-core-5.0.12.Final.jar:5.0.12.Final]
	at org.hibernate.tool.hbm2ddl.SchemaUpdate.execute(SchemaUpdate.java:101) ~[hibernate-core-5.0.12.Final.jar:5.0.12.Final]
	at org.hibernate.internal.SessionFactoryImpl.<init>(SessionFactoryImpl.java:472) ~[hibernate-core-5.0.12.Final.jar:5.0.12.Final]
	at org.hibernate.boot.internal.SessionFactoryBuilderImpl.build(SessionFactoryBuilderImpl.java:444) ~[hibernate-core-5.0.12.Final.jar:5.0.12.Final]
	at org.hibernate.jpa.boot.internal.EntityManagerFactoryBuilderImpl.build(EntityManagerFactoryBuilderImpl.java:879) ~[hibernate-entitymanager-5.0.12.Final.jar:5.0.12.Final]
	at org.springframework.orm.jpa.vendor.SpringHibernateJpaPersistenceProvider.createContainerEntityManagerFactory(SpringHibernateJpaPersistenceProvider.java:60) ~[spring-orm-4.3.18.RELEASE.jar:4.3.18.RELEASE]
	at org.springframework.orm.jpa.LocalContainerEntityManagerFactoryBean.createNativeEntityManagerFactory(LocalContainerEntityManagerFactoryBean.java:360) ~[spring-orm-4.3.18.RELEASE.jar:4.3.18.RELEASE]
	at org.springframework.orm.jpa.AbstractEntityManagerFactoryBean.buildNativeEntityManagerFactory(AbstractEntityManagerFactoryBean.java:384) ~[spring-orm-4.3.18.RELEASE.jar:4.3.18.RELEASE]
	... 45 common frames omitted
Caused by: java.sql.SQLException: Access denied for user 'root'@'localhost' (using password: YES)
	at com.mysql.jdbc.SQLError.createSQLException(SQLError.java:965) ~[mysql-connector-java-5.1.46.jar:5.1.46]
	at com.mysql.jdbc.MysqlIO.checkErrorPacket(MysqlIO.java:3976) ~[mysql-connector-java-5.1.46.jar:5.1.46]
	at com.mysql.jdbc.MysqlIO.checkErrorPacket(MysqlIO.java:3912) ~[mysql-connector-java-5.1.46.jar:5.1.46]
	at com.mysql.jdbc.MysqlIO.checkErrorPacket(MysqlIO.java:871) ~[mysql-connector-java-5.1.46.jar:5.1.46]
	at com.mysql.jdbc.MysqlIO.proceedHandshakeWithPluggableAuthentication(MysqlIO.java:1714) ~[mysql-connector-java-5.1.46.jar:5.1.46]
	at com.mysql.jdbc.MysqlIO.doHandshake(MysqlIO.java:1224) ~[mysql-connector-java-5.1.46.jar:5.1.46]
	at com.mysql.jdbc.ConnectionImpl.coreConnect(ConnectionImpl.java:2190) ~[mysql-connector-java-5.1.46.jar:5.1.46]
	at com.mysql.jdbc.ConnectionImpl.connectOneTryOnly(ConnectionImpl.java:2221) ~[mysql-connector-java-5.1.46.jar:5.1.46]
	at com.mysql.jdbc.ConnectionImpl.createNewIO(ConnectionImpl.java:2016) ~[mysql-connector-java-5.1.46.jar:5.1.46]
	at com.mysql.jdbc.ConnectionImpl.<init>(ConnectionImpl.java:776) ~[mysql-connector-java-5.1.46.jar:5.1.46]
	at com.mysql.jdbc.JDBC4Connection.<init>(JDBC4Connection.java:47) ~[mysql-connector-java-5.1.46.jar:5.1.46]
	at sun.reflect.NativeConstructorAccessorImpl.newInstance0(Native Method) ~[na:1.8.0_171]
	at sun.reflect.NativeConstructorAccessorImpl.newInstance(NativeConstructorAccessorImpl.java:62) ~[na:1.8.0_171]
	at sun.reflect.DelegatingConstructorAccessorImpl.newInstance(DelegatingConstructorAccessorImpl.java:45) ~[na:1.8.0_171]
	at java.lang.reflect.Constructor.newInstance(Constructor.java:423) ~[na:1.8.0_171]
	at com.mysql.jdbc.Util.handleNewInstance(Util.java:425) ~[mysql-connector-java-5.1.46.jar:5.1.46]
	at com.mysql.jdbc.ConnectionImpl.getInstance(ConnectionImpl.java:386) ~[mysql-connector-java-5.1.46.jar:5.1.46]
	at com.mysql.jdbc.NonRegisteringDriver.connect(NonRegisteringDriver.java:330) ~[mysql-connector-java-5.1.46.jar:5.1.46]
	at org.apache.tomcat.jdbc.pool.PooledConnection.connectUsingDriver(PooledConnection.java:319) ~[tomcat-jdbc-8.5.31.jar:na]
	at org.apache.tomcat.jdbc.pool.PooledConnection.connect(PooledConnection.java:212) ~[tomcat-jdbc-8.5.31.jar:na]
	at org.apache.tomcat.jdbc.pool.ConnectionPool.createConnection(ConnectionPool.java:736) ~[tomcat-jdbc-8.5.31.jar:na]
	at org.apache.tomcat.jdbc.pool.ConnectionPool.borrowConnection(ConnectionPool.java:668) ~[tomcat-jdbc-8.5.31.jar:na]
	at org.apache.tomcat.jdbc.pool.ConnectionPool.init(ConnectionPool.java:483) ~[tomcat-jdbc-8.5.31.jar:na]
	at org.apache.tomcat.jdbc.pool.ConnectionPool.<init>(ConnectionPool.java:154) ~[tomcat-jdbc-8.5.31.jar:na]
	at org.apache.tomcat.jdbc.pool.DataSourceProxy.pCreatePool(DataSourceProxy.java:118) ~[tomcat-jdbc-8.5.31.jar:na]
	at org.apache.tomcat.jdbc.pool.DataSourceProxy.createPool(DataSourceProxy.java:107) ~[tomcat-jdbc-8.5.31.jar:na]
	at org.apache.tomcat.jdbc.pool.DataSourceProxy.getConnection(DataSourceProxy.java:131) ~[tomcat-jdbc-8.5.31.jar:na]
	at org.hibernate.engine.jdbc.connections.internal.DatasourceConnectionProviderImpl.getConnection(DatasourceConnectionProviderImpl.java:122) ~[hibernate-core-5.0.12.Final.jar:5.0.12.Final]
	at org.hibernate.engine.jdbc.env.internal.JdbcEnvironmentInitiator$ConnectionProviderJdbcConnectionAccess.obtainConnection(JdbcEnvironmentInitiator.java:180) ~[hibernate-core-5.0.12.Final.jar:5.0.12.Final]
	at org.hibernate.tool.schema.internal.TargetDatabaseImpl.prepare(TargetDatabaseImpl.java:38) ~[hibernate-core-5.0.12.Final.jar:5.0.12.Final]
	... 54 common frames omitted

]]></system-out>
    <system-err><![CDATA[Wed Aug 01 15:36:26 ART 2018 WARN: Establishing SSL connection without server's identity verification is not recommended. According to MySQL 5.5.45+, 5.6.26+ and 5.7.6+ requirements SSL connection must be established by default if explicit option isn't set. For compliance with existing applications not using SSL the verifyServerCertificate property is set to 'false'. You need either to explicitly disable SSL by setting useSSL=false, or set useSSL=true and provide truststore for server certificate verification.
Wed Aug 01 15:36:28 ART 2018 WARN: Establishing SSL connection without server's identity verification is not recommended. According to MySQL 5.5.45+, 5.6.26+ and 5.7.6+ requirements SSL connection must be established by default if explicit option isn't set. For compliance with existing applications not using SSL the verifyServerCertificate property is set to 'false'. You need either to explicitly disable SSL by setting useSSL=false, or set useSSL=true and provide truststore for server certificate verification.
Wed Aug 01 15:36:28 ART 2018 WARN: Establishing SSL connection without server's identity verification is not recommended. According to MySQL 5.5.45+, 5.6.26+ and 5.7.6+ requirements SSL connection must be established by default if explicit option isn't set. For compliance with existing applications not using SSL the verifyServerCertificate property is set to 'false'. You need either to explicitly disable SSL by setting useSSL=false, or set useSSL=true and provide truststore for server certificate verification.
]]></system-err>
  </testcase>
</testsuite>